\BOOKMARK [1][-]{section.1}{\376\377\000I\000n\000t\000r\000o\000d\000u\000c\000c\000i\000\363\000n}{}% 1
\BOOKMARK [1][-]{section.2}{\376\377\000D\000i\000a\000g\000r\000a\000m\000a\000s\000\040\000y\000\040\000f\000o\000r\000m\000u\000l\000a\000c\000i\000o\000n\000e\000s\000\040\000m\000a\000t\000e\000m\000\341\000t\000i\000c\000a\000s}{}% 2
\BOOKMARK [2][-]{subsection.2.1}{\376\377\000C\000u\000e\000r\000p\000o\000\040\000e\000s\000t\000\341\000t\000i\000c\000o}{section.2}% 3
\BOOKMARK [2][-]{subsection.2.2}{\376\377\000C\000u\000e\000r\000p\000o\000\040\000d\000i\000n\000\341\000m\000i\000c\000o}{section.2}% 4
\BOOKMARK [1][-]{section.3}{\376\377\000D\000e\000s\000a\000r\000r\000o\000l\000l\000o\000\040\000e\000x\000p\000e\000r\000i\000m\000e\000n\000t\000a\000l}{}% 5
\BOOKMARK [2][-]{subsection.3.1}{\376\377\000P\000r\000e\000p\000a\000r\000a\000c\000i\000\363\000n}{section.3}% 6
\BOOKMARK [2][-]{subsection.3.2}{\376\377\000C\000o\000e\000f\000i\000c\000i\000e\000n\000t\000e\000\040\000e\000s\000t\000\341\000t\000i\000c\000o}{section.3}% 7
\BOOKMARK [2][-]{subsection.3.3}{\376\377\000C\000o\000e\000f\000i\000c\000i\000e\000n\000t\000e\000\040\000d\000i\000n\000\341\000m\000i\000c\000o}{section.3}% 8
\BOOKMARK [2][-]{subsection.3.4}{\376\377\000C\000o\000n\000s\000e\000r\000v\000a\000c\000i\000\363\000n\000\040\000d\000e\000\040\000l\000a\000\040\000e\000n\000e\000r\000g\000\355\000a}{section.3}% 9
\BOOKMARK [2][-]{subsection.3.5}{\376\377\000S\000\363\000l\000i\000d\000o\000\040\000R\000\355\000g\000i\000d\000o}{section.3}% 10
\BOOKMARK [1][-]{section.4}{\376\377\000R\000e\000s\000u\000l\000t\000a\000d\000o\000s\000\040\000y\000\040\000D\000i\000s\000c\000u\000s\000i\000o\000n\000e\000s}{}% 11
\BOOKMARK [2][-]{subsection.4.1}{\376\377\000E\000s\000t\000\341\000t\000i\000c\000o}{section.4}% 12
\BOOKMARK [2][-]{subsection.4.2}{\376\377\000D\000i\000n\000\341\000m\000i\000c\000o}{section.4}% 13
\BOOKMARK [2][-]{subsection.4.3}{\376\377\000E\000n\000e\000r\000g\000\355\000a}{section.4}% 14
\BOOKMARK [1][-]{section.5}{\376\377\000A\000n\000e\000x\000o}{}% 15
\BOOKMARK [2][-]{subsection.5.1}{\376\377\000T\000a\000b\000l\000a\000s\000\040\000d\000e\000\040\000d\000a\000t\000o\000s}{section.5}% 16
\BOOKMARK [3][-]{subsubsection.5.1.1}{\376\377\000C\000u\000e\000r\000p\000o\000\040\000d\000e\000\040\000m\000a\000d\000e\000r\000a\000\040\000s\000i\000n\000\040\000p\000e\000s\000a\000s}{subsection.5.1}% 17
\BOOKMARK [3][-]{subsubsection.5.1.2}{\376\377\000C\000u\000e\000r\000p\000o\000\040\000d\000e\000\040\000m\000a\000d\000e\000r\000a\000\040\000c\000o\000n\000\040\000p\000e\000s\000a\000s}{subsection.5.1}% 18
\BOOKMARK [3][-]{subsubsection.5.1.3}{\376\377\000C\000u\000e\000r\000p\000o\000\040\000d\000e\000\040\000a\000l\000u\000m\000i\000n\000i\000o\000\040\000s\000i\000n\000\040\000p\000e\000s\000a\000s}{subsection.5.1}% 19
\BOOKMARK [3][-]{subsubsection.5.1.4}{\376\377\000C\000u\000e\000r\000p\000o\000\040\000d\000e\000\040\000a\000l\000u\000m\000i\000n\000i\000o\000\040\000c\000o\000n\000\040\000p\000e\000s\000a\000s}{subsection.5.1}% 20
