This is pdfTeX, Version 3.141592653-2.6-1.40.25 (TeX Live 2023/Arch Linux) (preloaded format=pdflatex 2024.1.7)  15 FEB 2024 10:42
entering extended mode
 restricted \write18 enabled.
 file:line:error style messages enabled.
 %&-line parsing enabled.
**"/home/victor/fisicaua/overleaf/ILMEF - Análisis del movimiento de un objeto en un plano inclinado/Informe - Análisis del movimiento de un objeto en un plano inclinado.tex"
(/home/victor/fisicaua/overleaf/ILMEF - Análisis del movimiento de un objeto en un plano inclinado/Informe - Análisis del movimiento de un objeto en un plano inclinado.tex
LaTeX2e <2022-11-01> patch level 1
L3 programming layer <2023-02-22> (/usr/share/texmf-dist/tex/latex/base/article.cls
Document Class: article 2022/07/02 v1.4n Standard LaTeX document class
(/usr/share/texmf-dist/tex/latex/base/size10.clo
File: size10.clo 2022/07/02 v1.4n Standard LaTeX file (size option)
)
\c@part=\count185
\c@section=\count186
\c@subsection=\count187
\c@subsubsection=\count188
\c@paragraph=\count189
\c@subparagraph=\count190
\c@figure=\count191
\c@table=\count192
\abovecaptionskip=\skip48
\belowcaptionskip=\skip49
\bibindent=\dimen140
) (/usr/share/texmf-dist/tex/generic/babel/babel.sty
Package: babel 2023/02/13 3.86 The Babel package
\babel@savecnt=\count193
\U@D=\dimen141
\l@unhyphenated=\language6
 (/usr/share/texmf-dist/tex/generic/babel/txtbabel.def)
\bbl@readstream=\read2
\bbl@dirlevel=\count194
 (/usr/share/texmf-dist/tex/generic/babel-spanish/spanish.ldf
Language: spanish.ldf 2021/05/27 v5.0q Spanish support from the babel system
\es@quottoks=\toks16
\es@quotdepth=\count195
Package babel Info: Making " an active character on input line 570.
Package babel Info: Making . an active character on input line 675.
Package babel Info: Making < an active character on input line 722.
Package babel Info: Making > an active character on input line 722.
)) (/usr/share/texmf-dist/tex/generic/babel/locale/es/babel-spanish.tex
Package babel Info: Importing font and identification data for spanish
(babel)             from babel-es.ini. Reported on input line 11.
) (/usr/share/texmf-dist/tex/latex/base/inputenc.sty
Package: inputenc 2021/02/14 v1.3d Input encoding file
\inpenc@prehook=\toks17
\inpenc@posthook=\toks18
) (/usr/share/texmf-dist/tex/latex/siunitx/siunitx.sty
Package: siunitx 2023-03-04 v3.2.2 A comprehensive (SI) units package
\l__siunitx_angle_tmp_dim=\dimen142
\l__siunitx_angle_marker_box=\box51
\l__siunitx_angle_unit_box=\box52
\l__siunitx_compound_count_int=\count196
 (/usr/share/texmf-dist/tex/latex/translations/translations.sty
Package: translations 2022/02/05 v1.12 internationalization of LaTeX2e packages (CN)
 (/usr/share/texmf-dist/tex/latex/etoolbox/etoolbox.sty
Package: etoolbox 2020/10/05 v2.5k e-TeX tools for LaTeX (JAW)
\etb@tempcnta=\count197
) (/usr/share/texmf-dist/tex/generic/pdftexcmds/pdftexcmds.sty
Package: pdftexcmds 2020-06-27 v0.33 Utility functions of pdfTeX for LuaTeX (HO)
 (/usr/share/texmf-dist/tex/generic/infwarerr/infwarerr.sty
Package: infwarerr 2019/12/03 v1.5 Providing info/warning/error messages (HO)
) (/usr/share/texmf-dist/tex/generic/iftex/iftex.sty
Package: iftex 2022/02/03 v1.0f TeX engine tests
) (/usr/share/texmf-dist/tex/generic/ltxcmds/ltxcmds.sty
Package: ltxcmds 2020-05-10 v1.25 LaTeX kernel commands for general use (HO)
)
Package pdftexcmds Info: \pdf@primitive is available.
Package pdftexcmds Info: \pdf@ifprimitive is available.
Package pdftexcmds Info: \pdfdraftmode found.
))
\l__siunitx_number_exponent_fixed_int=\count198
\l__siunitx_number_min_decimal_int=\count199
\l__siunitx_number_min_integer_int=\count266
\l__siunitx_number_round_precision_int=\count267
\l__siunitx_number_lower_threshold_int=\count268
\l__siunitx_number_upper_threshold_int=\count269
\l__siunitx_number_group_first_int=\count270
\l__siunitx_number_group_size_int=\count271
\l__siunitx_number_group_minimum_int=\count272
 (/usr/share/texmf-dist/tex/latex/amsmath/amstext.sty
Package: amstext 2021/08/26 v2.01 AMS text
 (/usr/share/texmf-dist/tex/latex/amsmath/amsgen.sty
File: amsgen.sty 1999/11/30 v2.0 generic functions
\@emptytoks=\toks19
\ex@=\dimen143
))
\l__siunitx_table_tmp_box=\box53
\l__siunitx_table_tmp_dim=\dimen144
\l__siunitx_table_column_width_dim=\dimen145
\l__siunitx_table_integer_box=\box54
\l__siunitx_table_decimal_box=\box55
\l__siunitx_table_uncert_box=\box56
\l__siunitx_table_before_box=\box57
\l__siunitx_table_after_box=\box58
\l__siunitx_table_before_dim=\dimen146
\l__siunitx_table_carry_dim=\dimen147
\l__siunitx_unit_tmp_int=\count273
\l__siunitx_unit_position_int=\count274
\l__siunitx_unit_total_int=\count275
 (/usr/share/texmf-dist/tex/latex/tools/array.sty
Package: array 2022/09/04 v2.5g Tabular extension package (FMi)
\col@sep=\dimen148
\ar@mcellbox=\box59
\extrarowheight=\dimen149
\NC@list=\toks20
\extratabsurround=\skip50
\backup@length=\skip51
\ar@cellbox=\box60
)) (/usr/share/texmf-dist/tex/latex/graphics/graphicx.sty
Package: graphicx 2021/09/16 v1.2d Enhanced LaTeX Graphics (DPC,SPQR)
 (/usr/share/texmf-dist/tex/latex/graphics/keyval.sty
Package: keyval 2022/05/29 v1.15 key=value parser (DPC)
\KV@toks@=\toks21
) (/usr/share/texmf-dist/tex/latex/graphics/graphics.sty
Package: graphics 2022/03/10 v1.4e Standard LaTeX Graphics (DPC,SPQR)
 (/usr/share/texmf-dist/tex/latex/graphics/trig.sty
Package: trig 2021/08/11 v1.11 sin cos tan (DPC)
) (/usr/share/texmf-dist/tex/latex/graphics-cfg/graphics.cfg
File: graphics.cfg 2016/06/04 v1.11 sample graphics configuration
)
Package graphics Info: Driver file: pdftex.def on input line 107.
 (/usr/share/texmf-dist/tex/latex/graphics-def/pdftex.def
File: pdftex.def 2022/09/22 v1.2b Graphics/color driver for pdftex
))
\Gin@req@height=\dimen150
\Gin@req@width=\dimen151
) (/usr/share/texmf-dist/tex/latex/amsmath/amsmath.sty
Package: amsmath 2022/04/08 v2.17n AMS math features
\@mathmargin=\skip52

For additional information on amsmath, use the `?' option.
(/usr/share/texmf-dist/tex/latex/amsmath/amsbsy.sty
Package: amsbsy 1999/11/29 v1.2d Bold Symbols
\pmbraise@=\dimen152
) (/usr/share/texmf-dist/tex/latex/amsmath/amsopn.sty
Package: amsopn 2022/04/08 v2.04 operator names
)
\inf@bad=\count276
LaTeX Info: Redefining \frac on input line 234.
\uproot@=\count277
\leftroot@=\count278
LaTeX Info: Redefining \overline on input line 399.
LaTeX Info: Redefining \colon on input line 410.
\classnum@=\count279
\DOTSCASE@=\count280
LaTeX Info: Redefining \ldots on input line 496.
LaTeX Info: Redefining \dots on input line 499.
LaTeX Info: Redefining \cdots on input line 620.
\Mathstrutbox@=\box61
\strutbox@=\box62
LaTeX Info: Redefining \big on input line 722.
LaTeX Info: Redefining \Big on input line 723.
LaTeX Info: Redefining \bigg on input line 724.
LaTeX Info: Redefining \Bigg on input line 725.
\big@size=\dimen153
LaTeX Font Info:    Redeclaring font encoding OML on input line 743.
LaTeX Font Info:    Redeclaring font encoding OMS on input line 744.
\macc@depth=\count281
LaTeX Info: Redefining \bmod on input line 905.
LaTeX Info: Redefining \pmod on input line 910.
LaTeX Info: Redefining \smash on input line 940.
LaTeX Info: Redefining \relbar on input line 970.
LaTeX Info: Redefining \Relbar on input line 971.
\c@MaxMatrixCols=\count282
\dotsspace@=\muskip16
\c@parentequation=\count283
\dspbrk@lvl=\count284
\tag@help=\toks22
\row@=\count285
\column@=\count286
\maxfields@=\count287
\andhelp@=\toks23
\eqnshift@=\dimen154
\alignsep@=\dimen155
\tagshift@=\dimen156
\tagwidth@=\dimen157
\totwidth@=\dimen158
\lineht@=\dimen159
\@envbody=\toks24
\multlinegap=\skip53
\multlinetaggap=\skip54
\mathdisplay@stack=\toks25
LaTeX Info: Redefining \[ on input line 2953.
LaTeX Info: Redefining \] on input line 2954.
) (/usr/share/texmf-dist/tex/latex/hyperref/hyperref.sty
Package: hyperref 2023-02-07 v7.00v Hypertext links for LaTeX
 (/usr/share/texmf-dist/tex/latex/kvsetkeys/kvsetkeys.sty
Package: kvsetkeys 2022-10-05 v1.19 Key value parser (HO)
) (/usr/share/texmf-dist/tex/generic/kvdefinekeys/kvdefinekeys.sty
Package: kvdefinekeys 2019-12-19 v1.6 Define keys (HO)
) (/usr/share/texmf-dist/tex/generic/pdfescape/pdfescape.sty
Package: pdfescape 2019/12/09 v1.15 Implements pdfTeX's escape features (HO)
) (/usr/share/texmf-dist/tex/latex/hycolor/hycolor.sty
Package: hycolor 2020-01-27 v1.10 Color options for hyperref/bookmark (HO)
) (/usr/share/texmf-dist/tex/latex/letltxmacro/letltxmacro.sty
Package: letltxmacro 2019/12/03 v1.6 Let assignment for LaTeX macros (HO)
) (/usr/share/texmf-dist/tex/latex/auxhook/auxhook.sty
Package: auxhook 2019-12-17 v1.6 Hooks for auxiliary files (HO)
) (/usr/share/texmf-dist/tex/latex/hyperref/nameref.sty
Package: nameref 2022-05-17 v2.50 Cross-referencing by name of section
 (/usr/share/texmf-dist/tex/latex/refcount/refcount.sty
Package: refcount 2019/12/15 v3.6 Data extraction from label references (HO)
) (/usr/share/texmf-dist/tex/generic/gettitlestring/gettitlestring.sty
Package: gettitlestring 2019/12/15 v1.6 Cleanup title references (HO)
 (/usr/share/texmf-dist/tex/latex/kvoptions/kvoptions.sty
Package: kvoptions 2022-06-15 v3.15 Key value format for package options (HO)
))
\c@section@level=\count288
)
\@linkdim=\dimen160
\Hy@linkcounter=\count289
\Hy@pagecounter=\count290
 (/usr/share/texmf-dist/tex/latex/hyperref/pd1enc.def
File: pd1enc.def 2023-02-07 v7.00v Hyperref: PDFDocEncoding definition (HO)
Now handling font encoding PD1 ...
... no UTF-8 mapping file for font encoding PD1
) (/usr/share/texmf-dist/tex/generic/intcalc/intcalc.sty
Package: intcalc 2019/12/15 v1.3 Expandable calculations with integers (HO)
) (/usr/share/texmf-dist/tex/generic/etexcmds/etexcmds.sty
Package: etexcmds 2019/12/15 v1.7 Avoid name clashes with e-TeX commands (HO)
)
\Hy@SavedSpaceFactor=\count291
 (/usr/share/texmf-dist/tex/latex/hyperref/puenc.def
File: puenc.def 2023-02-07 v7.00v Hyperref: PDF Unicode definition (HO)
Now handling font encoding PU ...
... no UTF-8 mapping file for font encoding PU
)
Package hyperref Info: Hyper figures OFF on input line 4177.
Package hyperref Info: Link nesting OFF on input line 4182.
Package hyperref Info: Hyper index ON on input line 4185.
Package hyperref Info: Plain pages OFF on input line 4192.
Package hyperref Info: Backreferencing OFF on input line 4197.
Package hyperref Info: Implicit mode ON; LaTeX internals redefined.
Package hyperref Info: Bookmarks ON on input line 4425.
\c@Hy@tempcnt=\count292
 (/usr/share/texmf-dist/tex/latex/url/url.sty
\Urlmuskip=\muskip17
Package: url 2013/09/16  ver 3.4  Verb mode for urls, etc.
)
LaTeX Info: Redefining \url on input line 4763.
\XeTeXLinkMargin=\dimen161
 (/usr/share/texmf-dist/tex/generic/bitset/bitset.sty
Package: bitset 2019/12/09 v1.3 Handle bit-vector datatype (HO)
 (/usr/share/texmf-dist/tex/generic/bigintcalc/bigintcalc.sty
Package: bigintcalc 2019/12/15 v1.5 Expandable calculations on big integers (HO)
))
\Fld@menulength=\count293
\Field@Width=\dimen162
\Fld@charsize=\dimen163
Package hyperref Info: Hyper figures OFF on input line 6042.
Package hyperref Info: Link nesting OFF on input line 6047.
Package hyperref Info: Hyper index ON on input line 6050.
Package hyperref Info: backreferencing OFF on input line 6057.
Package hyperref Info: Link coloring OFF on input line 6062.
Package hyperref Info: Link coloring with OCG OFF on input line 6067.
Package hyperref Info: PDF/A mode OFF on input line 6072.
 (/usr/share/texmf-dist/tex/latex/base/atbegshi-ltx.sty
Package: atbegshi-ltx 2021/01/10 v1.0c Emulation of the original atbegshi
package with kernel methods
)
\Hy@abspage=\count294
\c@Item=\count295
\c@Hfootnote=\count296
)
Package hyperref Info: Driver (autodetected): hpdftex.
 (/usr/share/texmf-dist/tex/latex/hyperref/hpdftex.def
File: hpdftex.def 2023-02-07 v7.00v Hyperref driver for pdfTeX
 (/usr/share/texmf-dist/tex/latex/base/atveryend-ltx.sty
Package: atveryend-ltx 2020/08/19 v1.0a Emulation of the original atveryend package
with kernel methods
)
\Fld@listcount=\count297
\c@bookmark@seq@number=\count298
 (/usr/share/texmf-dist/tex/latex/rerunfilecheck/rerunfilecheck.sty
Package: rerunfilecheck 2022-07-10 v1.10 Rerun checks for auxiliary files (HO)
 (/usr/share/texmf-dist/tex/generic/uniquecounter/uniquecounter.sty
Package: uniquecounter 2019/12/15 v1.4 Provide unlimited unique counter (HO)
)
Package uniquecounter Info: New unique counter `rerunfilecheck' on input line 285.
)
\Hy@SectionHShift=\skip55
) (/usr/share/texmf-dist/tex/latex/listings/listings.sty
\lst@mode=\count299
\lst@gtempboxa=\box63
\lst@token=\toks26
\lst@length=\count300
\lst@currlwidth=\dimen164
\lst@column=\count301
\lst@pos=\count302
\lst@lostspace=\dimen165
\lst@width=\dimen166
\lst@newlines=\count303
\lst@lineno=\count304
\lst@maxwidth=\dimen167
 (/usr/share/texmf-dist/tex/latex/listings/lstmisc.sty
File: lstmisc.sty 2023/02/27 1.9 (Carsten Heinz)
\c@lstnumber=\count305
\lst@skipnumbers=\count306
\lst@framebox=\box64
) (/usr/share/texmf-dist/tex/latex/listings/listings.cfg
File: listings.cfg 2023/02/27 1.9 listings configuration
))
Package: listings 2023/02/27 1.9 (Carsten Heinz)
 (/usr/share/texmf-dist/tex/latex/xcolor/xcolor.sty
Package: xcolor 2022/06/12 v2.14 LaTeX color extensions (UK)
 (/usr/share/texmf-dist/tex/latex/graphics-cfg/color.cfg
File: color.cfg 2016/01/02 v1.6 sample color configuration
)
Package xcolor Info: Driver file: pdftex.def on input line 227.
 (/usr/share/texmf-dist/tex/latex/graphics/mathcolor.ltx)
Package xcolor Info: Model `cmy' substituted by `cmy0' on input line 1353.
Package xcolor Info: Model `hsb' substituted by `rgb' on input line 1357.
Package xcolor Info: Model `RGB' extended on input line 1369.
Package xcolor Info: Model `HTML' substituted by `rgb' on input line 1371.
Package xcolor Info: Model `Hsb' substituted by `hsb' on input line 1372.
Package xcolor Info: Model `tHsb' substituted by `hsb' on input line 1373.
Package xcolor Info: Model `HSB' substituted by `hsb' on input line 1374.
Package xcolor Info: Model `Gray' substituted by `gray' on input line 1375.
Package xcolor Info: Model `wave' substituted by `hsb' on input line 1376.
) (/usr/share/texmf-dist/tex/latex/psnfss/courier.sty
Package: courier 2020/03/25 PSNFSS-v9.3 (WaS) 
) (/usr/share/texmf-dist/tex/latex/geometry/geometry.sty
Package: geometry 2020/01/02 v5.9 Page Geometry
 (/usr/share/texmf-dist/tex/generic/iftex/ifvtex.sty
Package: ifvtex 2019/10/25 v1.7 ifvtex legacy package. Use iftex instead.
)
\Gm@cnth=\count307
\Gm@cntv=\count308
\c@Gm@tempcnt=\count309
\Gm@bindingoffset=\dimen168
\Gm@wd@mp=\dimen169
\Gm@odd@mp=\dimen170
\Gm@even@mp=\dimen171
\Gm@layoutwidth=\dimen172
\Gm@layoutheight=\dimen173
\Gm@layouthoffset=\dimen174
\Gm@layoutvoffset=\dimen175
\Gm@dimlist=\toks27
) (/usr/share/texmf-dist/tex/latex/changepage/changepage.sty
Package: changepage 2009/10/20 v1.0c check page and change page layout
\c@cp@cntr=\count310
\cp@tempcnt=\count311
) (/usr/share/texmf-dist/tex/latex/titlesec/titlesec.sty
Package: titlesec 2021/07/05 v2.14 Sectioning titles
\ttl@box=\box65
\beforetitleunit=\skip56
\aftertitleunit=\skip57
\ttl@plus=\dimen176
\ttl@minus=\dimen177
\ttl@toksa=\toks28
\titlewidth=\dimen178
\titlewidthlast=\dimen179
\titlewidthfirst=\dimen180
) (/usr/share/texmf-dist/tex/latex/wrapfig/wrapfig.sty
\wrapoverhang=\dimen181
\WF@size=\dimen182
\c@WF@wrappedlines=\count312
\WF@box=\box66
\WF@everypar=\toks29
Package: wrapfig 2003/01/31  v 3.6
) (/usr/share/texmf-dist/tex/latex/colortbl/colortbl.sty
Package: colortbl 2022/06/20 v1.0f Color table columns (DPC)
\everycr=\toks30
\minrowclearance=\skip58
\rownum=\count313
) (/usr/share/texmf-dist/tex/latex/booktabs/booktabs.sty
Package: booktabs 2020/01/12 v1.61803398 Publication quality tables
\heavyrulewidth=\dimen183
\lightrulewidth=\dimen184
\cmidrulewidth=\dimen185
\belowrulesep=\dimen186
\belowbottomsep=\dimen187
\aboverulesep=\dimen188
\abovetopsep=\dimen189
\cmidrulesep=\dimen190
\cmidrulekern=\dimen191
\defaultaddspace=\dimen192
\@cmidla=\count314
\@cmidlb=\count315
\@aboverulesep=\dimen193
\@belowrulesep=\dimen194
\@thisruleclass=\count316
\@lastruleclass=\count317
\@thisrulewidth=\dimen195
) (/usr/share/texmf-dist/tex/latex/multirow/multirow.sty
Package: multirow 2021/03/15 v2.8 Span multiple rows of a table
\multirow@colwidth=\skip59
\multirow@cntb=\count318
\multirow@dima=\skip60
\bigstrutjot=\dimen196
) (/usr/share/texmf-dist/tex/latex/listings/lstlang1.sty
File: lstlang1.sty 2023/02/27 1.9 listings language file
) (/usr/share/texmf-dist/tex/latex/l3backend/l3backend-pdftex.def
File: l3backend-pdftex.def 2023-01-16 L3 backend support: PDF output (pdfTeX)
\l__color_backend_stack_int=\count319
\l__pdf_internal_box=\box67
) (./Informe - Análisis del movimiento de un objeto en un plano inclinado.aux
LaTeX Info: Redefining \. on input line 22.
LaTeX Info: Redefining \% on input line 22.
)
\openout1 = `"Informe - Análisis del movimiento de un objeto en un plano inclinado.aux"'.

LaTeX Font Info:    Checking defaults for OML/cmm/m/it on input line 66.
LaTeX Font Info:    ... okay on input line 66.
LaTeX Font Info:    Checking defaults for OMS/cmsy/m/n on input line 66.
LaTeX Font Info:    ... okay on input line 66.
LaTeX Font Info:    Checking defaults for OT1/cmr/m/n on input line 66.
LaTeX Font Info:    ... okay on input line 66.
LaTeX Font Info:    Checking defaults for T1/cmr/m/n on input line 66.
LaTeX Font Info:    ... okay on input line 66.
LaTeX Font Info:    Checking defaults for TS1/cmr/m/n on input line 66.
LaTeX Font Info:    ... okay on input line 66.
LaTeX Font Info:    Checking defaults for OMX/cmex/m/n on input line 66.
LaTeX Font Info:    ... okay on input line 66.
LaTeX Font Info:    Checking defaults for U/cmr/m/n on input line 66.
LaTeX Font Info:    ... okay on input line 66.
LaTeX Font Info:    Checking defaults for PD1/pdf/m/n on input line 66.
LaTeX Font Info:    ... okay on input line 66.
LaTeX Font Info:    Checking defaults for PU/pdf/m/n on input line 66.
LaTeX Font Info:    ... okay on input line 66.
LaTeX Info: Redefining \. on input line 66.
LaTeX Info: Redefining \% on input line 66.
 (/usr/share/texmf-dist/tex/latex/translations/translations-basic-dictionary-spanish.trsl
File: translations-basic-dictionary-spanish.trsl (spanish translation file `translations-basic-dictionary')
)
Package translations Info: loading dictionary `translations-basic-dictionary' for `spanish'. on input line 66.
 (/usr/share/texmf-dist/tex/context/base/mkii/supp-pdf.mkii
[Loading MPS to PDF converter (version 2006.09.02).]
\scratchcounter=\count320
\scratchdimen=\dimen197
\scratchbox=\box68
\nofMPsegments=\count321
\nofMParguments=\count322
\everyMPshowfont=\toks31
\MPscratchCnt=\count323
\MPscratchDim=\dimen198
\MPnumerator=\count324
\makeMPintoPDFobject=\count325
\everyMPtoPDFconversion=\toks32
) (/usr/share/texmf-dist/tex/latex/epstopdf-pkg/epstopdf-base.sty
Package: epstopdf-base 2020-01-24 v2.11 Base part for package epstopdf
Package epstopdf-base Info: Redefining graphics rule for `.eps' on input line 485.
 (/usr/share/texmf-dist/tex/latex/latexconfig/epstopdf-sys.cfg
File: epstopdf-sys.cfg 2010/07/13 v1.3 Configuration of (r)epstopdf for TeX Live
))
Package hyperref Info: Link coloring OFF on input line 66.
 (./Informe - Análisis del movimiento de un objeto en un plano inclinado.out) (./Informe - Análisis del movimiento de un objeto en un plano inclinado.out)
\@outlinefile=\write3
\openout3 = `"Informe - Análisis del movimiento de un objeto en un plano inclinado.out"'.

\c@lstlisting=\count326

*geometry* driver: auto-detecting
*geometry* detected driver: pdftex
*geometry* verbose mode - [ preamble ] result:
* driver: pdftex
* paper: <default>
* layout: <same size as paper>
* layoutoffset:(h,v)=(0.0pt,0.0pt)
* modes: 
* h-part:(L,W,R)=(86.72377pt, 440.84746pt, 86.72377pt)
* v-part:(T,H,B)=(86.72377pt, 621.52245pt, 86.72377pt)
* \paperwidth=614.295pt
* \paperheight=794.96999pt
* \textwidth=440.84746pt
* \textheight=621.52245pt
* \oddsidemargin=14.45378pt
* \evensidemargin=14.45378pt
* \topmargin=-22.54622pt
* \headheight=12.0pt
* \headsep=25.0pt
* \topskip=10.0pt
* \footskip=30.0pt
* \marginparwidth=65.0pt
* \marginparsep=11.0pt
* \columnsep=10.0pt
* \skip\footins=9.0pt plus 4.0pt minus 2.0pt
* \hoffset=0.0pt
* \voffset=0.0pt
* \mag=1000
* \@twocolumnfalse
* \@twosidefalse
* \@mparswitchfalse
* \@reversemarginfalse
* (1in=72.27pt=25.4mm, 1cm=28.453pt)


Underfull \hbox (badness 10000) in paragraph at lines 79--80

 []


Underfull \hbox (badness 10000) in paragraph at lines 79--80

 []

(./Informe - Análisis del movimiento de un objeto en un plano inclinado.toc
LaTeX Info: Redefining \. on input line 1.
LaTeX Info: Redefining \% on input line 1.
)
\tf@toc=\write4
\openout4 = `"Informe - Análisis del movimiento de un objeto en un plano inclinado.toc"'.

 [1

{/var/lib/texmf/fonts/map/pdftex/updmap/pdftex.map}] [2]
<fotos/plano inclinado.jpg, id=136, 973.6375pt x 503.8825pt>
File: fotos/plano inclinado.jpg Graphic file (type jpg)
<use fotos/plano inclinado.jpg>
Package pdftex.def Info: fotos/plano inclinado.jpg  used on input line 153.
(pdftex.def)             Requested size: 330.63559pt x 171.11018pt.

Underfull \hbox (badness 10000) in paragraph at lines 156--157

 []


Underfull \hbox (badness 10000) in paragraph at lines 156--157

 []

[3

 <./fotos/plano inclinado.jpg>]
Underfull \hbox (badness 10000) in paragraph at lines 172--175

 []


Underfull \hbox (badness 10000) in paragraph at lines 172--175

 []


Underfull \hbox (badness 10000) in paragraph at lines 172--175

 []


Underfull \hbox (badness 10000) in paragraph at lines 176--178

 []


Underfull \hbox (badness 10000) in paragraph at lines 176--178

 []


Underfull \hbox (badness 10000) in paragraph at lines 180--182

 []

[4

]
Underfull \hbox (badness 10000) in paragraph at lines 203--213

 []


Underfull \hbox (badness 10000) in paragraph at lines 203--213

 []


Underfull \hbox (badness 10000) in paragraph at lines 215--216

 []


Underfull \hbox (badness 10000) in paragraph at lines 215--216

 []

<fotos/plano.png, id=148, 170.3163pt x 107.9232pt>
File: fotos/plano.png Graphic file (type png)
<use fotos/plano.png>
Package pdftex.def Info: fotos/plano.png  used on input line 219.
(pdftex.def)             Requested size: 330.63559pt x 209.51566pt.
[5

 <./fotos/plano.png>]
Underfull \hbox (badness 10000) in paragraph at lines 224--226

 []


Underfull \hbox (badness 10000) in paragraph at lines 224--226

 []


Underfull \hbox (badness 10000) in paragraph at lines 224--226

 []


Underfull \hbox (badness 10000) in paragraph at lines 224--226

 []


Underfull \hbox (badness 10000) in paragraph at lines 228--231

 []


Underfull \hbox (badness 10000) in paragraph at lines 228--231

 []


Underfull \hbox (badness 10000) in paragraph at lines 228--231

 []


Underfull \hbox (badness 10000) in paragraph at lines 228--231

 []


Underfull \hbox (badness 10000) in paragraph at lines 228--231

 []

[6

]
Underfull \hbox (badness 10000) in paragraph at lines 234--236

 []


Underfull \hbox (badness 10000) in paragraph at lines 240--244

 []


Underfull \hbox (badness 10000) in paragraph at lines 248--249

 []

[7

]
Underfull \hbox (badness 10000) in paragraph at lines 261--262

 []


Underfull \hbox (badness 10000) in paragraph at lines 266--267

 []


Underfull \hbox (badness 10000) in paragraph at lines 268--269

 []

<fotos/anglim.jpg, id=166, 484.81125pt x 192.72pt>
File: fotos/anglim.jpg Graphic file (type jpg)
<use fotos/anglim.jpg>
Package pdftex.def Info: fotos/anglim.jpg  used on input line 272.
(pdftex.def)             Requested size: 418.80373pt x 166.48875pt.
<fotos/estatico.jpg, id=167, 483.60675pt x 16.26076pt>
File: fotos/estatico.jpg Graphic file (type jpg)
<use fotos/estatico.jpg>
Package pdftex.def Info: fotos/estatico.jpg  used on input line 277.
(pdftex.def)             Requested size: 418.80373pt x 14.08197pt.
[8

 <./fotos/anglim.jpg> <./fotos/estatico.jpg>]
Underfull \hbox (badness 10000) in paragraph at lines 284--286

 []


Underfull \hbox (badness 10000) in paragraph at lines 289--290

 []

<fotos/dinamico.jpg, id=172, 314.3745pt x 310.15875pt>
File: fotos/dinamico.jpg Graphic file (type jpg)
<use fotos/dinamico.jpg>
Package pdftex.def Info: fotos/dinamico.jpg  used on input line 294.
(pdftex.def)             Requested size: 242.46744pt x 239.22525pt.
[9

 <./fotos/dinamico.jpg>]
<fotos/datos/Energías mcp2.jpg, id=178, 590.80725pt x 361.95226pt>
File: fotos/datos/Energías mcp2.jpg Graphic file (type jpg)
<use fotos/datos/Energías mcp2.jpg>
Package pdftex.def Info: fotos/datos/Energías mcp2.jpg  used on input line 302.
(pdftex.def)             Requested size: 418.80373pt x 256.58472pt.

Underfull \hbox (badness 10000) in paragraph at lines 299--307

 []


Underfull \hbox (badness 10000) in paragraph at lines 299--307

 []

[10

 <./fotos/datos/Energías mcp2.jpg>]
<fotos/datos/msp0.jpg, id=183, 462.528pt x 374.5995pt>
File: fotos/datos/msp0.jpg Graphic file (type jpg)
<use fotos/datos/msp0.jpg>
Package pdftex.def Info: fotos/datos/msp0.jpg  used on input line 320.
(pdftex.def)             Requested size: 246.87349pt x 199.9429pt.
<fotos/datos/msp1.jpg, id=184, 464.937pt x 308.95425pt>
File: fotos/datos/msp1.jpg Graphic file (type jpg)
<use fotos/datos/msp1.jpg>
Package pdftex.def Info: fotos/datos/msp1.jpg  used on input line 321.
(pdftex.def)             Requested size: 246.87349pt x 164.05139pt.
<fotos/datos/msp2.jpg, id=185, 463.7325pt x 310.15875pt>
File: fotos/datos/msp2.jpg Graphic file (type jpg)
<use fotos/datos/msp2.jpg>
Package pdftex.def Info: fotos/datos/msp2.jpg  used on input line 328.
(pdftex.def)             Requested size: 246.87349pt x 165.11691pt.
<fotos/datos/msp3.jpg, id=186, 458.9145pt x 284.262pt>
File: fotos/datos/msp3.jpg Graphic file (type jpg)
<use fotos/datos/msp3.jpg>
Package pdftex.def Info: fotos/datos/msp3.jpg  used on input line 329.
(pdftex.def)             Requested size: 246.87349pt x 152.91795pt.
<fotos/datos/msp4.jpg, id=187, 461.92575pt x 269.20575pt>
File: fotos/datos/msp4.jpg Graphic file (type jpg)
<use fotos/datos/msp4.jpg>
Package pdftex.def Info: fotos/datos/msp4.jpg  used on input line 335.
(pdftex.def)             Requested size: 246.87349pt x 143.8737pt.


LaTeX Warning: `h' float specifier changed to `ht'.

[11 <./fotos/datos/msp0.jpg> <./fotos/datos/msp1.jpg> <./fotos/datos/msp2.jpg> <./fotos/datos/msp3.jpg>] [12 <./fotos/datos/msp4.jpg>]
<fotos/datos/mcp0.jpg, id=196, 357.13425pt x 296.307pt>
File: fotos/datos/mcp0.jpg Graphic file (type jpg)
<use fotos/datos/mcp0.jpg>
Package pdftex.def Info: fotos/datos/mcp0.jpg  used on input line 345.
(pdftex.def)             Requested size: 246.87349pt x 204.82732pt.
<fotos/datos/mcp1.jpg, id=197, 356.532pt x 278.2395pt>
File: fotos/datos/mcp1.jpg Graphic file (type jpg)
<use fotos/datos/mcp1.jpg>
Package pdftex.def Info: fotos/datos/mcp1.jpg  used on input line 346.
(pdftex.def)             Requested size: 246.87349pt x 192.66899pt.
<fotos/datos/mcp2.jpg, id=198, 356.532pt x 237.88875pt>
File: fotos/datos/mcp2.jpg Graphic file (type jpg)
<use fotos/datos/mcp2.jpg>
Package pdftex.def Info: fotos/datos/mcp2.jpg  used on input line 353.
(pdftex.def)             Requested size: 246.87349pt x 164.72781pt.
<fotos/datos/mcp3.jpg, id=199, 357.13425pt x 199.34476pt>
File: fotos/datos/mcp3.jpg Graphic file (type jpg)
<use fotos/datos/mcp3.jpg>
Package pdftex.def Info: fotos/datos/mcp3.jpg  used on input line 354.
(pdftex.def)             Requested size: 246.87349pt x 137.80048pt.
<fotos/datos/mcp4.jpg, id=200, 356.532pt x 196.3335pt>
File: fotos/datos/mcp4.jpg Graphic file (type jpg)
<use fotos/datos/mcp4.jpg>
Package pdftex.def Info: fotos/datos/mcp4.jpg  used on input line 360.
(pdftex.def)             Requested size: 246.87349pt x 135.95258pt.


LaTeX Warning: `h' float specifier changed to `ht'.

[13

 <./fotos/datos/mcp0.jpg> <./fotos/datos/mcp1.jpg> <./fotos/datos/mcp2.jpg> <./fotos/datos/mcp3.jpg>] [14 <./fotos/datos/mcp4.jpg>]
<fotos/datos/asp0.jpg, id=210, 411.33675pt x 469.755pt>
File: fotos/datos/asp0.jpg Graphic file (type jpg)
<use fotos/datos/asp0.jpg>
Package pdftex.def Info: fotos/datos/asp0.jpg  used on input line 369.
(pdftex.def)             Requested size: 246.87349pt x 281.93402pt.
<fotos/datos/asp1.jpg, id=211, 409.53pt x 446.26724pt>
File: fotos/datos/asp1.jpg Graphic file (type jpg)
<use fotos/datos/asp1.jpg>
Package pdftex.def Info: fotos/datos/asp1.jpg  used on input line 370.
(pdftex.def)             Requested size: 246.87349pt x 269.02216pt.
<fotos/datos/asp2.jpg, id=212, 410.7345pt x 322.806pt>
File: fotos/datos/asp2.jpg Graphic file (type jpg)
<use fotos/datos/asp2.jpg>
Package pdftex.def Info: fotos/datos/asp2.jpg  used on input line 377.
(pdftex.def)             Requested size: 246.87349pt x 194.02988pt.
<fotos/datos/asp3.jpg, id=213, 413.1435pt x 308.95425pt>
File: fotos/datos/asp3.jpg Graphic file (type jpg)
<use fotos/datos/asp3.jpg>
Package pdftex.def Info: fotos/datos/asp3.jpg  used on input line 378.
(pdftex.def)             Requested size: 246.87349pt x 184.61497pt.


LaTeX Warning: `h' float specifier changed to `ht'.

<fotos/datos/asp4.jpg, id=214, 411.33675pt x 298.716pt>
File: fotos/datos/asp4.jpg Graphic file (type jpg)
<use fotos/datos/asp4.jpg>
Package pdftex.def Info: fotos/datos/asp4.jpg  used on input line 384.
(pdftex.def)             Requested size: 246.87349pt x 179.28111pt.

LaTeX Warning: `h' float specifier changed to `ht'.

[15

 <./fotos/datos/asp0.jpg> <./fotos/datos/asp1.jpg>] [16 <./fotos/datos/asp2.jpg> <./fotos/datos/asp3.jpg> <./fotos/datos/asp4.jpg>]
<fotos/datos/acp0.jpg, id=223, 305.34074pt x 479.99326pt>
File: fotos/datos/acp0.jpg Graphic file (type jpg)
<use fotos/datos/acp0.jpg>
Package pdftex.def Info: fotos/datos/acp0.jpg  used on input line 393.
(pdftex.def)             Requested size: 246.87349pt x 388.09662pt.
<fotos/datos/acp1.jpg, id=224, 410.7345pt x 480.5955pt>
File: fotos/datos/acp1.jpg Graphic file (type jpg)
<use fotos/datos/acp1.jpg>
Package pdftex.def Info: fotos/datos/acp1.jpg  used on input line 394.
(pdftex.def)             Requested size: 246.87349pt x 288.87285pt.
<fotos/datos/acp2.jpg, id=225, 461.3235pt x 411.33675pt>
File: fotos/datos/acp2.jpg Graphic file (type jpg)
<use fotos/datos/acp2.jpg>
Package pdftex.def Info: fotos/datos/acp2.jpg  used on input line 401.
(pdftex.def)             Requested size: 246.87349pt x 220.1226pt.
<fotos/datos/acp3.jpg, id=226, 461.92575pt x 359.54324pt>
File: fotos/datos/acp3.jpg Graphic file (type jpg)
<use fotos/datos/acp3.jpg>
Package pdftex.def Info: fotos/datos/acp3.jpg  used on input line 402.
(pdftex.def)             Requested size: 246.87349pt x 192.15349pt.


LaTeX Warning: `h' float specifier changed to `ht'.

<fotos/datos/acp4.jpg, id=227, 460.72125pt x 305.943pt>
File: fotos/datos/acp4.jpg Graphic file (type jpg)
<use fotos/datos/acp4.jpg>
Package pdftex.def Info: fotos/datos/acp4.jpg  used on input line 408.
(pdftex.def)             Requested size: 246.87349pt x 163.93697pt.

LaTeX Warning: `h' float specifier changed to `ht'.

[17

 <./fotos/datos/acp0.jpg> <./fotos/datos/acp1.jpg>] [18 <./fotos/datos/acp2.jpg> <./fotos/datos/acp3.jpg> <./fotos/datos/acp4.jpg>] (./Informe - Análisis del movimiento de un objeto en un plano inclinado.aux
LaTeX Info: Redefining \. on input line 22.
LaTeX Info: Redefining \% on input line 22.
)
Package rerunfilecheck Info: File `"Informe - Análisis del movimiento de un objeto en un plano inclinado".out' has not changed.
(rerunfilecheck)             Checksum: E417BB18D7D127A0EBEE60D763938229;3094.
 ) 
Here is how much of TeX's memory you used:
 17427 strings out of 477923
 327709 string characters out of 5838289
 1865388 words of memory out of 5000000
 37366 multiletter control sequences out of 15000+600000
 519203 words of font info for 56 fonts, out of 8000000 for 9000
 40 hyphenation exceptions out of 8191
 75i,9n,77p,966b,901s stack positions out of 10000i,1000n,20000p,200000b,200000s
</usr/share/texmf-dist/fonts/type1/public/amsfonts/cm/cmbx10.pfb></usr/share/texmf-dist/fonts/type1/public/amsfonts/cm/cmbx12.pfb></usr/share/texmf-dist/fonts/type1/public/amsfonts/cm/cmbx9.pfb></usr/share/texmf-dist/fonts/type1/public/amsfonts/cm/cmex10.pfb></usr/share/texmf-dist/fonts/type1/public/amsfonts/cm/cmmi10.pfb></usr/share/texmf-dist/fonts/type1/public/amsfonts/cm/cmmi12.pfb></usr/share/texmf-dist/fonts/type1/public/amsfonts/cm/cmmi5.pfb></usr/share/texmf-dist/fonts/type1/public/amsfonts/cm/cmmi7.pfb></usr/share/texmf-dist/fonts/type1/public/amsfonts/cm/cmmi8.pfb></usr/share/texmf-dist/fonts/type1/public/amsfonts/cm/cmr10.pfb></usr/share/texmf-dist/fonts/type1/public/amsfonts/cm/cmr12.pfb></usr/share/texmf-dist/fonts/type1/public/amsfonts/cm/cmr7.pfb></usr/share/texmf-dist/fonts/type1/public/amsfonts/cm/cmr9.pfb></usr/share/texmf-dist/fonts/type1/public/amsfonts/cm/cmsy10.pfb></usr/share/texmf-dist/fonts/type1/public/amsfonts/cm/cmsy7.pfb>
Output written on "Informe - Análisis del movimiento de un objeto en un plano inclinado.pdf" (18 pages, 2957003 bytes).
PDF statistics:
 313 PDF objects out of 1000 (max. 8388607)
 233 compressed objects within 3 object streams
 45 named destinations out of 1000 (max. 500000)
 291 words of extra memory for PDF output out of 10000 (max. 10000000)

