This is pdfTeX, Version 3.141592653-2.6-1.40.25 (TeX Live 2023/Arch Linux) (preloaded format=pdflatex 2023.8.31)  18 DEC 2023 20:34
entering extended mode
 restricted \write18 enabled.
 file:line:error style messages enabled.
 %&-line parsing enabled.
**"/home/victor/fisicaua/primero/quimica/QUI - Informes/main.tex"
(/home/victor/fisicaua/primero/quimica/QUI - Informes/main.tex
LaTeX2e <2022-11-01> patch level 1
L3 programming layer <2023-02-22> (/usr/share/texmf-dist/tex/latex/base/book.cls
Document Class: book 2022/07/02 v1.4n Standard LaTeX document class
(/usr/share/texmf-dist/tex/latex/base/bk12.clo
File: bk12.clo 2022/07/02 v1.4n Standard LaTeX file (size option)
)
\c@part=\count185
\c@chapter=\count186
\c@section=\count187
\c@subsection=\count188
\c@subsubsection=\count189
\c@paragraph=\count190
\c@subparagraph=\count191
\c@figure=\count192
\c@table=\count193
\abovecaptionskip=\skip48
\belowcaptionskip=\skip49
\bibindent=\dimen140
) (/usr/share/texmf-dist/tex/latex/newtx/newtxtext.sty
Package: newtxtext 2022/02/28 v1.71(Michael Sharpe) latex and unicode latex support for TeXGyreTermesX
 `newtxtext' v1.71, 2022/02/28 Text macros taking advantage of TeXGyre Termes and its extensions (msharpe) (/usr/share/texmf-dist/tex/generic/iftex/iftex.sty
Package: iftex 2022/02/03 v1.0f TeX engine tests
) (/usr/share/texmf-dist/tex/latex/xkeyval/xkeyval.sty
Package: xkeyval 2022/06/16 v2.9 package option processing (HA)
 (/usr/share/texmf-dist/tex/generic/xkeyval/xkeyval.tex (/usr/share/texmf-dist/tex/generic/xkeyval/xkvutils.tex
\XKV@toks=\toks16
\XKV@tempa@toks=\toks17
 (/usr/share/texmf-dist/tex/generic/xkeyval/keyval.tex))
\XKV@depth=\count194
File: xkeyval.tex 2014/12/03 v2.7a key=value parser (HA)
)) (/usr/share/texmf-dist/tex/latex/etoolbox/etoolbox.sty
Package: etoolbox 2020/10/05 v2.5k e-TeX tools for LaTeX (JAW)
\etb@tempcnta=\count195
) (/usr/share/texmf-dist/tex/latex/base/textcomp.sty
Package: textcomp 2020/02/02 v2.0n Standard LaTeX package
) (/usr/share/texmf-dist/tex/generic/xstring/xstring.sty (/usr/share/texmf-dist/tex/generic/xstring/xstring.tex
\integerpart=\count196
\decimalpart=\count197
)
Package: xstring 2023/01/14 v1.85 String manipulations (CT)
) (/usr/share/texmf-dist/tex/latex/base/ifthen.sty
Package: ifthen 2022/04/13 v1.1d Standard LaTeX ifthen package (DPC)
) (/usr/share/texmf-dist/tex/latex/carlisle/scalefnt.sty)
LaTeX Font Info:    Setting ntxLF sub-encoding to TS1/0 on input line 21.
LaTeX Font Info:    Setting ntxTLF sub-encoding to TS1/0 on input line 21.
LaTeX Font Info:    Setting ntxOsF sub-encoding to TS1/0 on input line 21.
LaTeX Font Info:    Setting ntxTOsF sub-encoding to TS1/0 on input line 21.
 (/usr/share/texmf-dist/tex/generic/kastrup/binhex.tex)
\ntx@tmpcnta=\count198
\ntx@cnt=\count199

ntx@otftextfalse
(/usr/share/texmf-dist/tex/latex/fontaxes/fontaxes.sty
Package: fontaxes 2020/07/21 v1.0e Font selection axes
LaTeX Info: Redefining \upshape on input line 29.
LaTeX Info: Redefining \itshape on input line 31.
LaTeX Info: Redefining \slshape on input line 33.
LaTeX Info: Redefining \swshape on input line 35.
LaTeX Info: Redefining \scshape on input line 37.
LaTeX Info: Redefining \sscshape on input line 39.
LaTeX Info: Redefining \ulcshape on input line 41.
LaTeX Info: Redefining \textsw on input line 47.
LaTeX Info: Redefining \textssc on input line 48.
LaTeX Info: Redefining \textulc on input line 49.
)
LaTeX Info: Redefining \oldstylenums on input line 657.
) (/usr/share/texmf-dist/tex/latex/newtx/newtxmath.sty
Package: newtxmath 2022/01/16 v1.71
 `newtxmath' v1.71, 2022/01/16 Math macros based originally on txfonts (msharpe) (/usr/share/texmf-dist/tex/latex/amsmath/amsmath.sty
Package: amsmath 2022/04/08 v2.17n AMS math features
\@mathmargin=\skip50

For additional information on amsmath, use the `?' option.
(/usr/share/texmf-dist/tex/latex/amsmath/amstext.sty
Package: amstext 2021/08/26 v2.01 AMS text
 (/usr/share/texmf-dist/tex/latex/amsmath/amsgen.sty
File: amsgen.sty 1999/11/30 v2.0 generic functions
\@emptytoks=\toks18
\ex@=\dimen141
)) (/usr/share/texmf-dist/tex/latex/amsmath/amsbsy.sty
Package: amsbsy 1999/11/29 v1.2d Bold Symbols
\pmbraise@=\dimen142
) (/usr/share/texmf-dist/tex/latex/amsmath/amsopn.sty
Package: amsopn 2022/04/08 v2.04 operator names
)
\inf@bad=\count266
LaTeX Info: Redefining \frac on input line 234.
\uproot@=\count267
\leftroot@=\count268
LaTeX Info: Redefining \overline on input line 399.
LaTeX Info: Redefining \colon on input line 410.
\classnum@=\count269
\DOTSCASE@=\count270
LaTeX Info: Redefining \ldots on input line 496.
LaTeX Info: Redefining \dots on input line 499.
LaTeX Info: Redefining \cdots on input line 620.
\Mathstrutbox@=\box51
\strutbox@=\box52
LaTeX Info: Redefining \big on input line 722.
LaTeX Info: Redefining \Big on input line 723.
LaTeX Info: Redefining \bigg on input line 724.
LaTeX Info: Redefining \Bigg on input line 725.
\big@size=\dimen143
LaTeX Font Info:    Redeclaring font encoding OML on input line 743.
LaTeX Font Info:    Redeclaring font encoding OMS on input line 744.
\macc@depth=\count271
LaTeX Info: Redefining \bmod on input line 905.
LaTeX Info: Redefining \pmod on input line 910.
LaTeX Info: Redefining \smash on input line 940.
LaTeX Info: Redefining \relbar on input line 970.
LaTeX Info: Redefining \Relbar on input line 971.
\c@MaxMatrixCols=\count272
\dotsspace@=\muskip16
\c@parentequation=\count273
\dspbrk@lvl=\count274
\tag@help=\toks19
\row@=\count275
\column@=\count276
\maxfields@=\count277
\andhelp@=\toks20
\eqnshift@=\dimen144
\alignsep@=\dimen145
\tagshift@=\dimen146
\tagwidth@=\dimen147
\totwidth@=\dimen148
\lineht@=\dimen149
\@envbody=\toks21
\multlinegap=\skip51
\multlinetaggap=\skip52
\mathdisplay@stack=\toks22
LaTeX Info: Redefining \[ on input line 2953.
LaTeX Info: Redefining \] on input line 2954.
) (/usr/share/texmf-dist/tex/generic/iftex/ifxetex.sty
Package: ifxetex 2019/10/25 v0.7 ifxetex legacy package. Use iftex instead.
) (/usr/share/texmf-dist/tex/generic/iftex/ifluatex.sty
Package: ifluatex 2019/10/25 v1.5 ifluatex legacy package. Use iftex instead.
) (/usr/share/texmf-dist/tex/latex/oberdiek/centernot.sty
Package: centernot 2016/05/16 v1.4 Centers the not symbol horizontally (HO)
)
\tx@cntz=\count278
 (/usr/share/texmf-dist/tex/generic/kastrup/binhex.tex)
\tx@Isdigit=\count279
\tx@IsAlNum=\count280
\tx@tA=\toks23
\tx@tB=\toks24
\tx@su=\read2

amsthm NOT loaded
LaTeX Font Info:    Redeclaring symbol font `operators' on input line 376.
LaTeX Font Info:    Overwriting symbol font `operators' in version `normal'
(Font)                  OT1/cmr/m/n --> OT1/minntx/m/n on input line 376.
LaTeX Font Info:    Overwriting symbol font `operators' in version `bold'
(Font)                  OT1/cmr/bx/n --> OT1/minntx/m/n on input line 376.
LaTeX Font Info:    Overwriting symbol font `operators' in version `bold'
(Font)                  OT1/minntx/m/n --> OT1/minntx/b/n on input line 377.
LaTeX Font Info:    Redeclaring math alphabet \mathsf on input line 383.
LaTeX Font Info:    Overwriting math alphabet `\mathsf' in version `normal'
(Font)                  OT1/cmss/m/n --> OT1/qhv/m/n on input line 383.
LaTeX Font Info:    Overwriting math alphabet `\mathsf' in version `bold'
(Font)                  OT1/cmss/bx/n --> OT1/qhv/m/n on input line 383.
LaTeX Font Info:    Redeclaring math alphabet \mathit on input line 384.
LaTeX Font Info:    Overwriting math alphabet `\mathit' in version `normal'
(Font)                  OT1/cmr/m/it --> OT1/minntx/m/it on input line 384.
LaTeX Font Info:    Overwriting math alphabet `\mathit' in version `bold'
(Font)                  OT1/cmr/bx/it --> OT1/minntx/m/it on input line 384.
LaTeX Font Info:    Redeclaring math alphabet \mathtt on input line 385.
LaTeX Font Info:    Overwriting math alphabet `\mathtt' in version `normal'
(Font)                  OT1/cmtt/m/n --> OT1/ntxtt/m/n on input line 385.
LaTeX Font Info:    Overwriting math alphabet `\mathtt' in version `bold'
(Font)                  OT1/cmtt/m/n --> OT1/ntxtt/m/n on input line 385.
LaTeX Font Info:    Redeclaring math alphabet \mathbf on input line 387.
LaTeX Font Info:    Overwriting math alphabet `\mathbf' in version `normal'
(Font)                  OT1/cmr/bx/n --> OT1/minntx/b/n on input line 387.
LaTeX Font Info:    Overwriting math alphabet `\mathbf' in version `bold'
(Font)                  OT1/cmr/bx/n --> OT1/minntx/b/n on input line 387.
LaTeX Font Info:    Overwriting math alphabet `\mathit' in version `bold'
(Font)                  OT1/minntx/m/it --> OT1/minntx/b/it on input line 388.
LaTeX Font Info:    Overwriting math alphabet `\mathsf' in version `bold'
(Font)                  OT1/qhv/m/n --> OT1/qhv/b/n on input line 389.
LaTeX Font Info:    Overwriting math alphabet `\mathtt' in version `bold'
(Font)                  OT1/ntxtt/m/n --> OT1/ntxtt/b/n on input line 390.
LaTeX Font Info:    Redeclaring symbol font `letters' on input line 491.
LaTeX Font Info:    Overwriting symbol font `letters' in version `normal'
(Font)                  OML/cmm/m/it --> OML/ntxmi/m/it on input line 491.
LaTeX Font Info:    Overwriting symbol font `letters' in version `bold'
(Font)                  OML/cmm/b/it --> OML/ntxmi/m/it on input line 491.
LaTeX Font Info:    Overwriting symbol font `letters' in version `bold'
(Font)                  OML/ntxmi/m/it --> OML/ntxmi/b/it on input line 492.
\symlettersA=\mathgroup4
LaTeX Font Info:    Overwriting symbol font `lettersA' in version `bold'
(Font)                  U/ntxmia/m/it --> U/ntxmia/b/it on input line 547.
Now handling font encoding LMS ...
... no UTF-8 mapping file for font encoding LMS
LaTeX Font Info:    Redeclaring symbol font `symbols' on input line 568.
LaTeX Font Info:    Encoding `OMS' has changed to `LMS' for symbol font
(Font)              `symbols' in the math version `normal' on input line 568.
LaTeX Font Info:    Overwriting symbol font `symbols' in version `normal'
(Font)                  OMS/cmsy/m/n --> LMS/ntxsy/m/n on input line 568.
LaTeX Font Info:    Encoding `OMS' has changed to `LMS' for symbol font
(Font)              `symbols' in the math version `bold' on input line 568.
LaTeX Font Info:    Overwriting symbol font `symbols' in version `bold'
(Font)                  OMS/cmsy/b/n --> LMS/ntxsy/m/n on input line 568.
LaTeX Font Info:    Overwriting symbol font `symbols' in version `bold'
(Font)                  LMS/ntxsy/m/n --> LMS/ntxsy/b/n on input line 569.
\symAMSm=\mathgroup5
LaTeX Font Info:    Overwriting symbol font `AMSm' in version `bold'
(Font)                  U/ntxsym/m/n --> U/ntxsym/b/n on input line 594.
\symsymbolsC=\mathgroup6
LaTeX Font Info:    Overwriting symbol font `symbolsC' in version `bold'
(Font)                  U/ntxsyc/m/n --> U/ntxsyc/b/n on input line 615.
Now handling font encoding LMX ...
... no UTF-8 mapping file for font encoding LMX
LaTeX Font Info:    Redeclaring symbol font `largesymbols' on input line 628.
LaTeX Font Info:    Encoding `OMX' has changed to `LMX' for symbol font
(Font)              `largesymbols' in the math version `normal' on input line 628.
LaTeX Font Info:    Overwriting symbol font `largesymbols' in version `normal'
(Font)                  OMX/cmex/m/n --> LMX/ntxexx/m/n on input line 628.
LaTeX Font Info:    Encoding `OMX' has changed to `LMX' for symbol font
(Font)              `largesymbols' in the math version `bold' on input line 628.
LaTeX Font Info:    Overwriting symbol font `largesymbols' in version `bold'
(Font)                  OMX/cmex/m/n --> LMX/ntxexx/m/n on input line 628.
LaTeX Font Info:    Overwriting symbol font `largesymbols' in version `bold'
(Font)                  LMX/ntxexx/m/n --> LMX/ntxexx/b/n on input line 629.
\symlargesymbolsTXA=\mathgroup7
LaTeX Font Info:    Overwriting symbol font `largesymbolsTXA' in version `bold'
(Font)                  U/ntxexa/m/n --> U/ntxexa/b/n on input line 643.
\tx@sbptoks=\toks25
LaTeX Font Info:    Redeclaring math delimiter \lfloor on input line 866.
LaTeX Font Info:    Redeclaring math delimiter \rfloor on input line 867.
LaTeX Font Info:    Redeclaring math delimiter \lceil on input line 868.
LaTeX Font Info:    Redeclaring math delimiter \rceil on input line 869.
LaTeX Font Info:    Redeclaring math delimiter \lbrace on input line 870.
LaTeX Font Info:    Redeclaring math delimiter \rbrace on input line 871.
LaTeX Font Info:    Redeclaring math delimiter \langle on input line 872.
LaTeX Font Info:    Redeclaring math delimiter \rangle on input line 874.
LaTeX Font Info:    Redeclaring math delimiter \arrowvert on input line 878.
LaTeX Font Info:    Redeclaring math delimiter \vert on input line 879.
LaTeX Font Info:    Redeclaring math symbol \hbar on input line 925.
LaTeX Font Info:    Redeclaring math accent \dot on input line 950.
LaTeX Font Info:    Redeclaring math accent \ddot on input line 951.
LaTeX Font Info:    Redeclaring math accent \vec on input line 2020.
LaTeX Info: Redefining \Bbbk on input line 2810.
LaTeX Info: Redefining \not on input line 2959.
) (/usr/share/texmf-dist/tex/latex/base/inputenc.sty
Package: inputenc 2021/02/14 v1.3d Input encoding file
\inpenc@prehook=\toks26
\inpenc@posthook=\toks27
) (/usr/share/texmf-dist/tex/generic/babel/babel.sty
Package: babel 2023/02/13 3.86 The Babel package
\babel@savecnt=\count281
\U@D=\dimen150
\l@unhyphenated=\language6
 (/usr/share/texmf-dist/tex/generic/babel/txtbabel.def)
\bbl@readstream=\read3
\bbl@dirlevel=\count282
 (/usr/share/texmf-dist/tex/generic/babel-spanish/spanish.ldf
Language: spanish.ldf 2021/05/27 v5.0q Spanish support from the babel system
\es@quottoks=\toks28
\es@quotdepth=\count283
Package babel Info: Making " an active character on input line 570.
Package babel Info: Making . an active character on input line 675.
Package babel Info: Making < an active character on input line 722.
Package babel Info: Making > an active character on input line 722.
)) (/usr/share/texmf-dist/tex/generic/babel/locale/es/babel-spanish.tex
Package babel Info: Importing font and identification data for spanish
(babel)             from babel-es.ini. Reported on input line 11.
) (/usr/share/texmf-dist/tex/latex/graphics/graphicx.sty
Package: graphicx 2021/09/16 v1.2d Enhanced LaTeX Graphics (DPC,SPQR)
 (/usr/share/texmf-dist/tex/latex/graphics/graphics.sty
Package: graphics 2022/03/10 v1.4e Standard LaTeX Graphics (DPC,SPQR)
 (/usr/share/texmf-dist/tex/latex/graphics/trig.sty
Package: trig 2021/08/11 v1.11 sin cos tan (DPC)
) (/usr/share/texmf-dist/tex/latex/graphics-cfg/graphics.cfg
File: graphics.cfg 2016/06/04 v1.11 sample graphics configuration
)
Package graphics Info: Driver file: pdftex.def on input line 107.
 (/usr/share/texmf-dist/tex/latex/graphics-def/pdftex.def
File: pdftex.def 2022/09/22 v1.2b Graphics/color driver for pdftex
))
\Gin@req@height=\dimen151
\Gin@req@width=\dimen152
) (/usr/share/texmf-dist/tex/latex/hyperref/hyperref.sty
Package: hyperref 2023-02-07 v7.00v Hypertext links for LaTeX
 (/usr/share/texmf-dist/tex/generic/ltxcmds/ltxcmds.sty
Package: ltxcmds 2020-05-10 v1.25 LaTeX kernel commands for general use (HO)
) (/usr/share/texmf-dist/tex/generic/pdftexcmds/pdftexcmds.sty
Package: pdftexcmds 2020-06-27 v0.33 Utility functions of pdfTeX for LuaTeX (HO)
 (/usr/share/texmf-dist/tex/generic/infwarerr/infwarerr.sty
Package: infwarerr 2019/12/03 v1.5 Providing info/warning/error messages (HO)
)
Package pdftexcmds Info: \pdf@primitive is available.
Package pdftexcmds Info: \pdf@ifprimitive is available.
Package pdftexcmds Info: \pdfdraftmode found.
) (/usr/share/texmf-dist/tex/latex/kvsetkeys/kvsetkeys.sty
Package: kvsetkeys 2022-10-05 v1.19 Key value parser (HO)
) (/usr/share/texmf-dist/tex/generic/kvdefinekeys/kvdefinekeys.sty
Package: kvdefinekeys 2019-12-19 v1.6 Define keys (HO)
) (/usr/share/texmf-dist/tex/generic/pdfescape/pdfescape.sty
Package: pdfescape 2019/12/09 v1.15 Implements pdfTeX's escape features (HO)
) (/usr/share/texmf-dist/tex/latex/hycolor/hycolor.sty
Package: hycolor 2020-01-27 v1.10 Color options for hyperref/bookmark (HO)
) (/usr/share/texmf-dist/tex/latex/letltxmacro/letltxmacro.sty
Package: letltxmacro 2019/12/03 v1.6 Let assignment for LaTeX macros (HO)
) (/usr/share/texmf-dist/tex/latex/auxhook/auxhook.sty
Package: auxhook 2019-12-17 v1.6 Hooks for auxiliary files (HO)
) (/usr/share/texmf-dist/tex/latex/hyperref/nameref.sty
Package: nameref 2022-05-17 v2.50 Cross-referencing by name of section
 (/usr/share/texmf-dist/tex/latex/refcount/refcount.sty
Package: refcount 2019/12/15 v3.6 Data extraction from label references (HO)
) (/usr/share/texmf-dist/tex/generic/gettitlestring/gettitlestring.sty
Package: gettitlestring 2019/12/15 v1.6 Cleanup title references (HO)
 (/usr/share/texmf-dist/tex/latex/kvoptions/kvoptions.sty
Package: kvoptions 2022-06-15 v3.15 Key value format for package options (HO)
))
\c@section@level=\count284
)
\@linkdim=\dimen153
\Hy@linkcounter=\count285
\Hy@pagecounter=\count286
 (/usr/share/texmf-dist/tex/latex/hyperref/pd1enc.def
File: pd1enc.def 2023-02-07 v7.00v Hyperref: PDFDocEncoding definition (HO)
Now handling font encoding PD1 ...
... no UTF-8 mapping file for font encoding PD1
) (/usr/share/texmf-dist/tex/generic/intcalc/intcalc.sty
Package: intcalc 2019/12/15 v1.3 Expandable calculations with integers (HO)
) (/usr/share/texmf-dist/tex/generic/etexcmds/etexcmds.sty
Package: etexcmds 2019/12/15 v1.7 Avoid name clashes with e-TeX commands (HO)
)
\Hy@SavedSpaceFactor=\count287
 (/usr/share/texmf-dist/tex/latex/hyperref/puenc.def
File: puenc.def 2023-02-07 v7.00v Hyperref: PDF Unicode definition (HO)
Now handling font encoding PU ...
... no UTF-8 mapping file for font encoding PU
)
Package hyperref Info: Hyper figures OFF on input line 4177.
Package hyperref Info: Link nesting OFF on input line 4182.
Package hyperref Info: Hyper index ON on input line 4185.
Package hyperref Info: Plain pages OFF on input line 4192.
Package hyperref Info: Backreferencing OFF on input line 4197.
Package hyperref Info: Implicit mode ON; LaTeX internals redefined.
Package hyperref Info: Bookmarks ON on input line 4425.
\c@Hy@tempcnt=\count288
 (/usr/share/texmf-dist/tex/latex/url/url.sty
\Urlmuskip=\muskip17
Package: url 2013/09/16  ver 3.4  Verb mode for urls, etc.
)
LaTeX Info: Redefining \url on input line 4763.
\XeTeXLinkMargin=\dimen154
 (/usr/share/texmf-dist/tex/generic/bitset/bitset.sty
Package: bitset 2019/12/09 v1.3 Handle bit-vector datatype (HO)
 (/usr/share/texmf-dist/tex/generic/bigintcalc/bigintcalc.sty
Package: bigintcalc 2019/12/15 v1.5 Expandable calculations on big integers (HO)
))
\Fld@menulength=\count289
\Field@Width=\dimen155
\Fld@charsize=\dimen156
Package hyperref Info: Hyper figures OFF on input line 6042.
Package hyperref Info: Link nesting OFF on input line 6047.
Package hyperref Info: Hyper index ON on input line 6050.
Package hyperref Info: backreferencing OFF on input line 6057.
Package hyperref Info: Link coloring OFF on input line 6062.
Package hyperref Info: Link coloring with OCG OFF on input line 6067.
Package hyperref Info: PDF/A mode OFF on input line 6072.
 (/usr/share/texmf-dist/tex/latex/base/atbegshi-ltx.sty
Package: atbegshi-ltx 2021/01/10 v1.0c Emulation of the original atbegshi
package with kernel methods
)
\Hy@abspage=\count290
\c@Item=\count291
\c@Hfootnote=\count292
)
Package hyperref Info: Driver (autodetected): hpdftex.
 (/usr/share/texmf-dist/tex/latex/hyperref/hpdftex.def
File: hpdftex.def 2023-02-07 v7.00v Hyperref driver for pdfTeX
 (/usr/share/texmf-dist/tex/latex/base/atveryend-ltx.sty
Package: atveryend-ltx 2020/08/19 v1.0a Emulation of the original atveryend package
with kernel methods
)
\Fld@listcount=\count293
\c@bookmark@seq@number=\count294
 (/usr/share/texmf-dist/tex/latex/rerunfilecheck/rerunfilecheck.sty
Package: rerunfilecheck 2022-07-10 v1.10 Rerun checks for auxiliary files (HO)
 (/usr/share/texmf-dist/tex/generic/uniquecounter/uniquecounter.sty
Package: uniquecounter 2019/12/15 v1.4 Provide unlimited unique counter (HO)
)
Package uniquecounter Info: New unique counter `rerunfilecheck' on input line 285.
)
\Hy@SectionHShift=\skip53
) (/usr/share/texmf-dist/tex/latex/listings/listings.sty
\lst@mode=\count295
\lst@gtempboxa=\box53
\lst@token=\toks29
\lst@length=\count296
\lst@currlwidth=\dimen157
\lst@column=\count297
\lst@pos=\count298
\lst@lostspace=\dimen158
\lst@width=\dimen159
\lst@newlines=\count299
\lst@lineno=\count300
\lst@maxwidth=\dimen160
 (/usr/share/texmf-dist/tex/latex/listings/lstmisc.sty
File: lstmisc.sty 2023/02/27 1.9 (Carsten Heinz)
\c@lstnumber=\count301
\lst@skipnumbers=\count302
\lst@framebox=\box54
) (/usr/share/texmf-dist/tex/latex/listings/listings.cfg
File: listings.cfg 2023/02/27 1.9 listings configuration
))
Package: listings 2023/02/27 1.9 (Carsten Heinz)
 (/usr/share/texmf-dist/tex/latex/xcolor/xcolor.sty
Package: xcolor 2022/06/12 v2.14 LaTeX color extensions (UK)
 (/usr/share/texmf-dist/tex/latex/graphics-cfg/color.cfg
File: color.cfg 2016/01/02 v1.6 sample color configuration
)
Package xcolor Info: Driver file: pdftex.def on input line 227.
 (/usr/share/texmf-dist/tex/latex/colortbl/colortbl.sty
Package: colortbl 2022/06/20 v1.0f Color table columns (DPC)
 (/usr/share/texmf-dist/tex/latex/tools/array.sty
Package: array 2022/09/04 v2.5g Tabular extension package (FMi)
\col@sep=\dimen161
\ar@mcellbox=\box55
\extrarowheight=\dimen162
\NC@list=\toks30
\extratabsurround=\skip54
\backup@length=\skip55
\ar@cellbox=\box56
)
\everycr=\toks31
\minrowclearance=\skip56
\rownum=\count303
) (/usr/share/texmf-dist/tex/latex/graphics/mathcolor.ltx)
Package xcolor Info: Model `cmy' substituted by `cmy0' on input line 1353.
Package xcolor Info: Model `hsb' substituted by `rgb' on input line 1357.
Package xcolor Info: Model `RGB' extended on input line 1369.
Package xcolor Info: Model `HTML' substituted by `rgb' on input line 1371.
Package xcolor Info: Model `Hsb' substituted by `hsb' on input line 1372.
Package xcolor Info: Model `tHsb' substituted by `hsb' on input line 1373.
Package xcolor Info: Model `HSB' substituted by `hsb' on input line 1374.
Package xcolor Info: Model `Gray' substituted by `gray' on input line 1375.
Package xcolor Info: Model `wave' substituted by `hsb' on input line 1376.
 (/usr/share/texmf-dist/tex/latex/graphics/dvipsnam.def
File: dvipsnam.def 2016/06/17 v3.0m Driver-dependent file (DPC,SPQR)
)) (/usr/share/texmf-dist/tex/latex/psnfss/courier.sty
Package: courier 2020/03/25 PSNFSS-v9.3 (WaS) 
) (/usr/share/texmf-dist/tex/latex/geometry/geometry.sty
Package: geometry 2020/01/02 v5.9 Page Geometry
 (/usr/share/texmf-dist/tex/generic/iftex/ifvtex.sty
Package: ifvtex 2019/10/25 v1.7 ifvtex legacy package. Use iftex instead.
)
\Gm@cnth=\count304
\Gm@cntv=\count305
\c@Gm@tempcnt=\count306
\Gm@bindingoffset=\dimen163
\Gm@wd@mp=\dimen164
\Gm@odd@mp=\dimen165
\Gm@even@mp=\dimen166
\Gm@layoutwidth=\dimen167
\Gm@layoutheight=\dimen168
\Gm@layouthoffset=\dimen169
\Gm@layoutvoffset=\dimen170
\Gm@dimlist=\toks32
) (/usr/share/texmf-dist/tex/latex/changepage/changepage.sty
Package: changepage 2009/10/20 v1.0c check page and change page layout
\c@cp@cntr=\count307
\cp@tempcnt=\count308
) (/usr/share/texmf-dist/tex/latex/titlesec/titlesec.sty
Package: titlesec 2021/07/05 v2.14 Sectioning titles
\ttl@box=\box57
\beforetitleunit=\skip57
\aftertitleunit=\skip58
\ttl@plus=\dimen171
\ttl@minus=\dimen172
\ttl@toksa=\toks33
\titlewidth=\dimen173
\titlewidthlast=\dimen174
\titlewidthfirst=\dimen175
) (/usr/share/texmf-dist/tex/latex/wrapfig/wrapfig.sty
\wrapoverhang=\dimen176
\WF@size=\dimen177
\c@WF@wrappedlines=\count309
\WF@box=\box58
\WF@everypar=\toks34
Package: wrapfig 2003/01/31  v 3.6
) (/usr/share/texmf-dist/tex/latex/mhchem/mhchem.sty
Package: mhchem 2021/12/31 v4.09 for typesetting chemical formulae
 (/usr/share/texmf-dist/tex/latex/l3kernel/expl3.sty
Package: expl3 2023-02-22 L3 programming layer (loader) 
 (/usr/share/texmf-dist/tex/latex/l3backend/l3backend-pdftex.def
File: l3backend-pdftex.def 2023-01-16 L3 backend support: PDF output (pdfTeX)
\l__color_backend_stack_int=\count310
\l__pdf_internal_box=\box59
)) (/usr/share/texmf-dist/tex/latex/l3packages/l3keys2e/l3keys2e.sty
Package: l3keys2e 2023-02-02 LaTeX2e option processing using LaTeX3 keys
) (/usr/share/texmf-dist/tex/latex/tools/calc.sty
Package: calc 2017/05/25 v4.3 Infix arithmetic (KKT,FJ)
\calc@Acount=\count311
\calc@Bcount=\count312
\calc@Adimen=\dimen178
\calc@Bdimen=\dimen179
\calc@Askip=\skip59
\calc@Bskip=\skip60
LaTeX Info: Redefining \setlength on input line 80.
LaTeX Info: Redefining \addtolength on input line 81.
\calc@Ccount=\count313
\calc@Cskip=\skip61
) (/usr/share/texmf-dist/tex/latex/chemgreek/chemgreek.sty (/usr/share/texmf-dist/tex/latex/l3packages/xparse/xparse.sty
Package: xparse 2023-02-02 L3 Experimental document command parser
)
Package: chemgreek 2020/01/16 v1.1a interface for upright Greek letters for use in chemistry (CN)
\l__chemgreek_tmpa_int=\count314
\g__chemgreek_tmpa_int=\count315
)
\l__mhchem_ce_distanceFromLastComma_int=\count316
\__mhchem_arrow_extPgfLength_skip=\skip62
\mhchem@minispace@tmp=\skip63
\mhchem@minibackspace@tmp=\skip64
\mhchem@bondwidth=\skip65
\mhchem@bondheight=\skip66
\mhchem@smallbondwidth@tmpA=\skip67
\mhchem@smallbondwidth@tmpB=\skip68
\mhchem@smallbondwidth=\skip69
\mhchem@bondtmp@minussidebearingleft=\skip70
\mhchem@bondtmp@minussidebearingright=\skip71
\l__mhchem_option_version_int=\count317
\mhchem@option@minusmathsidebearingleft=\dimen180
\mhchem@option@minusmathsidebearingright=\dimen181
\mhchem@option@minustextsidebearingleft=\dimen182
\mhchem@option@minustextsidebearingright=\dimen183
) (/usr/share/texmf-dist/tex/latex/multirow/multirow.sty
Package: multirow 2021/03/15 v2.8 Span multiple rows of a table
\multirow@colwidth=\skip72
\multirow@cntb=\count318
\multirow@dima=\skip73
\bigstrutjot=\dimen184
) (/usr/share/texmf-dist/tex/latex/siunitx/siunitx.sty
Package: siunitx 2023-03-04 v3.2.2 A comprehensive (SI) units package
\l__siunitx_angle_tmp_dim=\dimen185
\l__siunitx_angle_marker_box=\box60
\l__siunitx_angle_unit_box=\box61
\l__siunitx_compound_count_int=\count319
 (/usr/share/texmf-dist/tex/latex/translations/translations.sty
Package: translations 2022/02/05 v1.12 internationalization of LaTeX2e packages (CN)
)
\l__siunitx_number_exponent_fixed_int=\count320
\l__siunitx_number_min_decimal_int=\count321
\l__siunitx_number_min_integer_int=\count322
\l__siunitx_number_round_precision_int=\count323
\l__siunitx_number_lower_threshold_int=\count324
\l__siunitx_number_upper_threshold_int=\count325
\l__siunitx_number_group_first_int=\count326
\l__siunitx_number_group_size_int=\count327
\l__siunitx_number_group_minimum_int=\count328
\l__siunitx_table_tmp_box=\box62
\l__siunitx_table_tmp_dim=\dimen186
\l__siunitx_table_column_width_dim=\dimen187
\l__siunitx_table_integer_box=\box63
\l__siunitx_table_decimal_box=\box64
\l__siunitx_table_uncert_box=\box65
\l__siunitx_table_before_box=\box66
\l__siunitx_table_after_box=\box67
\l__siunitx_table_before_dim=\dimen188
\l__siunitx_table_carry_dim=\dimen189
\l__siunitx_unit_tmp_int=\count329
\l__siunitx_unit_position_int=\count330
\l__siunitx_unit_total_int=\count331
) (/usr/share/texmf-dist/tex/latex/pgf/frontendlayer/tikz.sty (/usr/share/texmf-dist/tex/latex/pgf/basiclayer/pgf.sty (/usr/share/texmf-dist/tex/latex/pgf/utilities/pgfrcs.sty (/usr/share/texmf-dist/tex/generic/pgf/utilities/pgfutil-common.tex
\pgfutil@everybye=\toks35
\pgfutil@tempdima=\dimen190
\pgfutil@tempdimb=\dimen191
) (/usr/share/texmf-dist/tex/generic/pgf/utilities/pgfutil-latex.def
\pgfutil@abb=\box68
) (/usr/share/texmf-dist/tex/generic/pgf/utilities/pgfrcs.code.tex (/usr/share/texmf-dist/tex/generic/pgf/pgf.revision.tex)
Package: pgfrcs 2023-01-15 v3.1.10 (3.1.10)
))
Package: pgf 2023-01-15 v3.1.10 (3.1.10)
 (/usr/share/texmf-dist/tex/latex/pgf/basiclayer/pgfcore.sty (/usr/share/texmf-dist/tex/latex/pgf/systemlayer/pgfsys.sty (/usr/share/texmf-dist/tex/generic/pgf/systemlayer/pgfsys.code.tex
Package: pgfsys 2023-01-15 v3.1.10 (3.1.10)
 (/usr/share/texmf-dist/tex/generic/pgf/utilities/pgfkeys.code.tex
\pgfkeys@pathtoks=\toks36
\pgfkeys@temptoks=\toks37
 (/usr/share/texmf-dist/tex/generic/pgf/utilities/pgfkeyslibraryfiltered.code.tex
\pgfkeys@tmptoks=\toks38
))
\pgf@x=\dimen192
\pgf@y=\dimen193
\pgf@xa=\dimen194
\pgf@ya=\dimen195
\pgf@xb=\dimen196
\pgf@yb=\dimen197
\pgf@xc=\dimen198
\pgf@yc=\dimen199
\pgf@xd=\dimen256
\pgf@yd=\dimen257
\w@pgf@writea=\write3
\r@pgf@reada=\read4
\c@pgf@counta=\count332
\c@pgf@countb=\count333
\c@pgf@countc=\count334
\c@pgf@countd=\count335
\t@pgf@toka=\toks39
\t@pgf@tokb=\toks40
\t@pgf@tokc=\toks41
\pgf@sys@id@count=\count336
 (/usr/share/texmf-dist/tex/generic/pgf/systemlayer/pgf.cfg
File: pgf.cfg 2023-01-15 v3.1.10 (3.1.10)
)
Driver file for pgf: pgfsys-pdftex.def
 (/usr/share/texmf-dist/tex/generic/pgf/systemlayer/pgfsys-pdftex.def
File: pgfsys-pdftex.def 2023-01-15 v3.1.10 (3.1.10)
 (/usr/share/texmf-dist/tex/generic/pgf/systemlayer/pgfsys-common-pdf.def
File: pgfsys-common-pdf.def 2023-01-15 v3.1.10 (3.1.10)
))) (/usr/share/texmf-dist/tex/generic/pgf/systemlayer/pgfsyssoftpath.code.tex
File: pgfsyssoftpath.code.tex 2023-01-15 v3.1.10 (3.1.10)
\pgfsyssoftpath@smallbuffer@items=\count337
\pgfsyssoftpath@bigbuffer@items=\count338
) (/usr/share/texmf-dist/tex/generic/pgf/systemlayer/pgfsysprotocol.code.tex
File: pgfsysprotocol.code.tex 2023-01-15 v3.1.10 (3.1.10)
)) (/usr/share/texmf-dist/tex/generic/pgf/basiclayer/pgfcore.code.tex
Package: pgfcore 2023-01-15 v3.1.10 (3.1.10)
 (/usr/share/texmf-dist/tex/generic/pgf/math/pgfmath.code.tex (/usr/share/texmf-dist/tex/generic/pgf/math/pgfmathutil.code.tex) (/usr/share/texmf-dist/tex/generic/pgf/math/pgfmathparser.code.tex
\pgfmath@dimen=\dimen258
\pgfmath@count=\count339
\pgfmath@box=\box69
\pgfmath@toks=\toks42
\pgfmath@stack@operand=\toks43
\pgfmath@stack@operation=\toks44
) (/usr/share/texmf-dist/tex/generic/pgf/math/pgfmathfunctions.code.tex) (/usr/share/texmf-dist/tex/generic/pgf/math/pgfmathfunctions.basic.code.tex) (/usr/share/texmf-dist/tex/generic/pgf/math/pgfmathfunctions.trigonometric.code.tex) (/usr/share/texmf-dist/tex/generic/pgf/math/pgfmathfunctions.random.code.tex) (/usr/share/texmf-dist/tex/generic/pgf/math/pgfmathfunctions.comparison.code.tex) (/usr/share/texmf-dist/tex/generic/pgf/math/pgfmathfunctions.base.code.tex) (/usr/share/texmf-dist/tex/generic/pgf/math/pgfmathfunctions.round.code.tex) (/usr/share/texmf-dist/tex/generic/pgf/math/pgfmathfunctions.misc.code.tex) (/usr/share/texmf-dist/tex/generic/pgf/math/pgfmathfunctions.integerarithmetics.code.tex) (/usr/share/texmf-dist/tex/generic/pgf/math/pgfmathcalc.code.tex) (/usr/share/texmf-dist/tex/generic/pgf/math/pgfmathfloat.code.tex
\c@pgfmathroundto@lastzeros=\count340
)) (/usr/share/texmf-dist/tex/generic/pgf/math/pgfint.code.tex) (/usr/share/texmf-dist/tex/generic/pgf/basiclayer/pgfcorepoints.code.tex
File: pgfcorepoints.code.tex 2023-01-15 v3.1.10 (3.1.10)
\pgf@picminx=\dimen259
\pgf@picmaxx=\dimen260
\pgf@picminy=\dimen261
\pgf@picmaxy=\dimen262
\pgf@pathminx=\dimen263
\pgf@pathmaxx=\dimen264
\pgf@pathminy=\dimen265
\pgf@pathmaxy=\dimen266
\pgf@xx=\dimen267
\pgf@xy=\dimen268
\pgf@yx=\dimen269
\pgf@yy=\dimen270
\pgf@zx=\dimen271
\pgf@zy=\dimen272
) (/usr/share/texmf-dist/tex/generic/pgf/basiclayer/pgfcorepathconstruct.code.tex
File: pgfcorepathconstruct.code.tex 2023-01-15 v3.1.10 (3.1.10)
\pgf@path@lastx=\dimen273
\pgf@path@lasty=\dimen274
) (/usr/share/texmf-dist/tex/generic/pgf/basiclayer/pgfcorepathusage.code.tex
File: pgfcorepathusage.code.tex 2023-01-15 v3.1.10 (3.1.10)
\pgf@shorten@end@additional=\dimen275
\pgf@shorten@start@additional=\dimen276
) (/usr/share/texmf-dist/tex/generic/pgf/basiclayer/pgfcorescopes.code.tex
File: pgfcorescopes.code.tex 2023-01-15 v3.1.10 (3.1.10)
\pgfpic=\box70
\pgf@hbox=\box71
\pgf@layerbox@main=\box72
\pgf@picture@serial@count=\count341
) (/usr/share/texmf-dist/tex/generic/pgf/basiclayer/pgfcoregraphicstate.code.tex
File: pgfcoregraphicstate.code.tex 2023-01-15 v3.1.10 (3.1.10)
\pgflinewidth=\dimen277
) (/usr/share/texmf-dist/tex/generic/pgf/basiclayer/pgfcoretransformations.code.tex
File: pgfcoretransformations.code.tex 2023-01-15 v3.1.10 (3.1.10)
\pgf@pt@x=\dimen278
\pgf@pt@y=\dimen279
\pgf@pt@temp=\dimen280
) (/usr/share/texmf-dist/tex/generic/pgf/basiclayer/pgfcorequick.code.tex
File: pgfcorequick.code.tex 2023-01-15 v3.1.10 (3.1.10)
) (/usr/share/texmf-dist/tex/generic/pgf/basiclayer/pgfcoreobjects.code.tex
File: pgfcoreobjects.code.tex 2023-01-15 v3.1.10 (3.1.10)
) (/usr/share/texmf-dist/tex/generic/pgf/basiclayer/pgfcorepathprocessing.code.tex
File: pgfcorepathprocessing.code.tex 2023-01-15 v3.1.10 (3.1.10)
) (/usr/share/texmf-dist/tex/generic/pgf/basiclayer/pgfcorearrows.code.tex
File: pgfcorearrows.code.tex 2023-01-15 v3.1.10 (3.1.10)
\pgfarrowsep=\dimen281
) (/usr/share/texmf-dist/tex/generic/pgf/basiclayer/pgfcoreshade.code.tex
File: pgfcoreshade.code.tex 2023-01-15 v3.1.10 (3.1.10)
\pgf@max=\dimen282
\pgf@sys@shading@range@num=\count342
\pgf@shadingcount=\count343
) (/usr/share/texmf-dist/tex/generic/pgf/basiclayer/pgfcoreimage.code.tex
File: pgfcoreimage.code.tex 2023-01-15 v3.1.10 (3.1.10)
) (/usr/share/texmf-dist/tex/generic/pgf/basiclayer/pgfcoreexternal.code.tex
File: pgfcoreexternal.code.tex 2023-01-15 v3.1.10 (3.1.10)
\pgfexternal@startupbox=\box73
) (/usr/share/texmf-dist/tex/generic/pgf/basiclayer/pgfcorelayers.code.tex
File: pgfcorelayers.code.tex 2023-01-15 v3.1.10 (3.1.10)
) (/usr/share/texmf-dist/tex/generic/pgf/basiclayer/pgfcoretransparency.code.tex
File: pgfcoretransparency.code.tex 2023-01-15 v3.1.10 (3.1.10)
) (/usr/share/texmf-dist/tex/generic/pgf/basiclayer/pgfcorepatterns.code.tex
File: pgfcorepatterns.code.tex 2023-01-15 v3.1.10 (3.1.10)
) (/usr/share/texmf-dist/tex/generic/pgf/basiclayer/pgfcorerdf.code.tex
File: pgfcorerdf.code.tex 2023-01-15 v3.1.10 (3.1.10)
))) (/usr/share/texmf-dist/tex/generic/pgf/modules/pgfmoduleshapes.code.tex
File: pgfmoduleshapes.code.tex 2023-01-15 v3.1.10 (3.1.10)
\pgfnodeparttextbox=\box74
) (/usr/share/texmf-dist/tex/generic/pgf/modules/pgfmoduleplot.code.tex
File: pgfmoduleplot.code.tex 2023-01-15 v3.1.10 (3.1.10)
) (/usr/share/texmf-dist/tex/latex/pgf/compatibility/pgfcomp-version-0-65.sty
Package: pgfcomp-version-0-65 2023-01-15 v3.1.10 (3.1.10)
\pgf@nodesepstart=\dimen283
\pgf@nodesepend=\dimen284
) (/usr/share/texmf-dist/tex/latex/pgf/compatibility/pgfcomp-version-1-18.sty
Package: pgfcomp-version-1-18 2023-01-15 v3.1.10 (3.1.10)
)) (/usr/share/texmf-dist/tex/latex/pgf/utilities/pgffor.sty (/usr/share/texmf-dist/tex/latex/pgf/utilities/pgfkeys.sty (/usr/share/texmf-dist/tex/generic/pgf/utilities/pgfkeys.code.tex)) (/usr/share/texmf-dist/tex/latex/pgf/math/pgfmath.sty (/usr/share/texmf-dist/tex/generic/pgf/math/pgfmath.code.tex)) (/usr/share/texmf-dist/tex/generic/pgf/utilities/pgffor.code.tex
Package: pgffor 2023-01-15 v3.1.10 (3.1.10)
\pgffor@iter=\dimen285
\pgffor@skip=\dimen286
\pgffor@stack=\toks45
\pgffor@toks=\toks46
)) (/usr/share/texmf-dist/tex/generic/pgf/frontendlayer/tikz/tikz.code.tex
Package: tikz 2023-01-15 v3.1.10 (3.1.10)
 (/usr/share/texmf-dist/tex/generic/pgf/libraries/pgflibraryplothandlers.code.tex
File: pgflibraryplothandlers.code.tex 2023-01-15 v3.1.10 (3.1.10)
\pgf@plot@mark@count=\count344
\pgfplotmarksize=\dimen287
)
\tikz@lastx=\dimen288
\tikz@lasty=\dimen289
\tikz@lastxsaved=\dimen290
\tikz@lastysaved=\dimen291
\tikz@lastmovetox=\dimen292
\tikz@lastmovetoy=\dimen293
\tikzleveldistance=\dimen294
\tikzsiblingdistance=\dimen295
\tikz@figbox=\box75
\tikz@figbox@bg=\box76
\tikz@tempbox=\box77
\tikz@tempbox@bg=\box78
\tikztreelevel=\count345
\tikznumberofchildren=\count346
\tikznumberofcurrentchild=\count347
\tikz@fig@count=\count348
 (/usr/share/texmf-dist/tex/generic/pgf/modules/pgfmodulematrix.code.tex
File: pgfmodulematrix.code.tex 2023-01-15 v3.1.10 (3.1.10)
\pgfmatrixcurrentrow=\count349
\pgfmatrixcurrentcolumn=\count350
\pgf@matrix@numberofcolumns=\count351
)
\tikz@expandcount=\count352
 (/usr/share/texmf-dist/tex/generic/pgf/frontendlayer/tikz/libraries/tikzlibrarytopaths.code.tex
File: tikzlibrarytopaths.code.tex 2023-01-15 v3.1.10 (3.1.10)
))) (/usr/share/texmf-dist/tex/latex/epigraph/epigraph.sty
Package: epigraph 2020/01/02 v1.5e typesetting epigraphs
 (/usr/share/texmf-dist/tex/latex/nextpage/nextpage.sty
Package: nextpage 2009/09/03 v1.1a additional page commands
)
\beforeepigraphskip=\skip74
\afterepigraphskip=\skip75
\epigraphwidth=\skip76
\epigraphrule=\skip77
) (/usr/share/texmf-dist/tex/latex/ragged2e/ragged2e.sty
Package: ragged2e 2023/02/25 v3.4 ragged2e Package
\CenteringLeftskip=\skip78
\RaggedLeftLeftskip=\skip79
\RaggedRightLeftskip=\skip80
\CenteringRightskip=\skip81
\RaggedLeftRightskip=\skip82
\RaggedRightRightskip=\skip83
\CenteringParfillskip=\skip84
\RaggedLeftParfillskip=\skip85
\RaggedRightParfillskip=\skip86
\JustifyingParfillskip=\skip87
\CenteringParindent=\skip88
\RaggedLeftParindent=\skip89
\RaggedRightParindent=\skip90
\JustifyingParindent=\skip91
) (/usr/share/texmf-dist/tex/latex/tools/multicol.sty
Package: multicol 2021/11/30 v1.9d multicolumn formatting (FMi)
\c@tracingmulticols=\count353
\mult@box=\box79
\multicol@leftmargin=\dimen296
\c@unbalance=\count354
\c@collectmore=\count355
\doublecol@number=\count356
\multicoltolerance=\count357
\multicolpretolerance=\count358
\full@width=\dimen297
\page@free=\dimen298
\premulticols=\dimen299
\postmulticols=\dimen300
\multicolsep=\skip92
\multicolbaselineskip=\skip93
\partial@page=\box80
\last@line=\box81
\maxbalancingoverflow=\dimen301
\mult@rightbox=\box82
\mult@grightbox=\box83
\mult@firstbox=\box84
\mult@gfirstbox=\box85
\@tempa=\box86
\@tempa=\box87
\@tempa=\box88
\@tempa=\box89
\@tempa=\box90
\@tempa=\box91
\@tempa=\box92
\@tempa=\box93
\@tempa=\box94
\@tempa=\box95
\@tempa=\box96
\@tempa=\box97
\@tempa=\box98
\@tempa=\box99
\@tempa=\box100
\@tempa=\box101
\@tempa=\box102
\@tempa=\box103
\@tempa=\box104
\@tempa=\box105
\@tempa=\box106
\@tempa=\box107
\@tempa=\box108
\@tempa=\box109
\@tempa=\box110
\@tempa=\box111
\@tempa=\box112
\@tempa=\box113
\@tempa=\box114
\@tempa=\box115
\@tempa=\box116
\@tempa=\box117
\@tempa=\box118
\@tempa=\box119
\@tempa=\box120
\@tempa=\box121
\c@minrows=\count359
\c@columnbadness=\count360
\c@finalcolumnbadness=\count361
\last@try=\dimen302
\multicolovershoot=\dimen303
\multicolundershoot=\dimen304
\mult@nat@firstbox=\box122
\colbreak@box=\box123
\mc@col@check@num=\count362
) (/usr/share/texmf-dist/tex/latex/float/float.sty
Package: float 2001/11/08 v1.3d Float enhancements (AL)
\c@float@type=\count363
\float@exts=\toks47
\float@box=\box124
\@float@everytoks=\toks48
\@floatcapt=\box125
) (/usr/share/texmf-dist/tex/latex/pdfpages/pdfpages.sty
Package: pdfpages 2022/12/19 v0.5x Insert pages of external PDF documents (AM)
 (/usr/share/texmf-dist/tex/latex/eso-pic/eso-pic.sty
Package: eso-pic 2020/10/14 v3.0a eso-pic (RN)
\ESO@tempdima=\dimen305
\ESO@tempdimb=\dimen306
)
\AM@pagewidth=\dimen307
\AM@pageheight=\dimen308
\AM@fboxrule=\dimen309
 (/usr/share/texmf-dist/tex/latex/pdfpages/pppdftex.def
File: pppdftex.def 2022/12/19 v0.5x Pdfpages driver for pdfTeX (AM)
)
\pdfpages@includegraphics@status=\count364
\AM@pagebox=\box126
\AM@global@opts=\toks49
\AM@pagecnt=\count365
\AM@toc@title=\toks50
\AM@lof@heading=\toks51
\c@AM@survey=\count366
\AM@templatesizebox=\box127
) (/usr/share/texmf-dist/tex/latex/csquotes/csquotes.sty
Package: csquotes 2022-09-14 v5.2n context-sensitive quotations (JAW)
\csq@reset=\count367
\csq@gtype=\count368
\csq@glevel=\count369
\csq@qlevel=\count370
\csq@maxlvl=\count371
\csq@tshold=\count372
\csq@ltx@everypar=\toks52
 (/usr/share/texmf-dist/tex/latex/csquotes/csquotes.def
File: csquotes.def 2022-09-14 v5.2n csquotes generic definitions (JAW)
)
Package csquotes Info: Trying to load configuration file 'csquotes.cfg'...
Package csquotes Info: ... configuration file loaded successfully.
 (/usr/share/texmf-dist/tex/latex/csquotes/csquotes.cfg
File: csquotes.cfg 
)) (/usr/share/texmf-dist/tex/latex/enumitem/enumitem.sty
Package: enumitem 2019/06/20 v3.9 Customized lists
\enitkv@toks@=\toks53
\labelindent=\skip94
\enit@outerparindent=\dimen310
\enit@toks=\toks54
\enit@inbox=\box128
\enit@count@id=\count373
\enitdp@description=\count374
) (/usr/share/texmf-dist/tex/latex/titlesec/titleps.sty

Package titlesec Warning: You are using an old interface for page styles
(titlesec)                (or you forgot the package option 'pagestyles').
(titlesec)                You could proceed but don't complain if you run
(titlesec)                into errors.

)
LaTeX Font Info:    Trying to load font information for T1+ppl on input line 64.
 (/usr/share/texmf-dist/tex/latex/psnfss/t1ppl.fd
File: t1ppl.fd 2001/06/04 font definitions for T1/ppl.
)
LaTeX Font Info:    Trying to load font information for OT1+ntxtlf on input line 123.
 (/usr/share/texmf-dist/tex/latex/newtx/ot1ntxtlf.fd
File: ot1ntxtlf.fd 2021/05/24 v1.0 font definition file for OT1/ntx/tlf
)
LaTeX Font Info:    Font shape `OT1/ntxtlf/m/n' will be
(Font)              scaled to size 12.0pt on input line 123.
Package csquotes Info: Checking for multilingual support...
Package csquotes Info: ... found 'babel' package.
Package csquotes Info: Adjusting default style.
Package csquotes Info: Redefining alias 'default' -> 'spanish'.
 (./main.aux
LaTeX Info: Redefining \. on input line 22.
LaTeX Info: Redefining \% on input line 22.
 (./pr1.aux) (./pr2.aux) (./pr3.aux) (./pr4.aux) (./pr5.aux) (./pr6.aux) (./pr7.aux) (./pr8.aux))
\openout1 = `main.aux'.

LaTeX Font Info:    Checking defaults for OML/ntxmi/m/it on input line 123.
LaTeX Font Info:    Trying to load font information for OML+ntxmi on input line 123.
 (/usr/share/texmf-dist/tex/latex/newtx/omlntxmi.fd
File: omlntxmi.fd 2015/08/25 Fontinst v1.933 font definitions for OML/ntxmi.
)
LaTeX Font Info:    ... okay on input line 123.
LaTeX Font Info:    Checking defaults for OMS/cmsy/m/n on input line 123.
LaTeX Font Info:    ... okay on input line 123.
LaTeX Font Info:    Checking defaults for OT1/cmr/m/n on input line 123.
LaTeX Font Info:    ... okay on input line 123.
LaTeX Font Info:    Checking defaults for T1/cmr/m/n on input line 123.
LaTeX Font Info:    ... okay on input line 123.
LaTeX Font Info:    Checking defaults for TS1/cmr/m/n on input line 123.
LaTeX Font Info:    ... okay on input line 123.
LaTeX Font Info:    Checking defaults for OMX/cmex/m/n on input line 123.
LaTeX Font Info:    ... okay on input line 123.
LaTeX Font Info:    Checking defaults for U/ntxexa/m/n on input line 123.
LaTeX Font Info:    Trying to load font information for U+ntxexa on input line 123.
 (/usr/share/texmf-dist/tex/latex/newtx/untxexa.fd
File: untxexa.fd 2012/04/16 Fontinst v1.933 font definitions for U/ntxexa.
)
LaTeX Font Info:    ... okay on input line 123.
LaTeX Font Info:    Checking defaults for LMS/ntxsy/m/n on input line 123.
LaTeX Font Info:    Trying to load font information for LMS+ntxsy on input line 123.
 (/usr/share/texmf-dist/tex/latex/newtx/lmsntxsy.fd
File: lmsntxsy.fd 2016/07/02 Fontinst v1.933 font definitions for LMS/ntxsy.
)
LaTeX Font Info:    ... okay on input line 123.
LaTeX Font Info:    Checking defaults for LMX/ntxexx/m/n on input line 123.
LaTeX Font Info:    Trying to load font information for LMX+ntxexx on input line 123.
 (/usr/share/texmf-dist/tex/latex/newtx/lmxntxexx.fd
File: lmxntxexx.fd 2016/07/03 Fontinst v1.933 font definitions for LMX/ntxexx.
)
LaTeX Font Info:    ... okay on input line 123.
LaTeX Font Info:    Checking defaults for PD1/pdf/m/n on input line 123.
LaTeX Font Info:    ... okay on input line 123.
LaTeX Font Info:    Checking defaults for PU/pdf/m/n on input line 123.
LaTeX Font Info:    ... okay on input line 123.
\c@mv@tabular=\count375
\c@mv@boldtabular=\count376
LaTeX Info: Command `\dddot' is already robust on input line 123.
LaTeX Info: Command `\ddddot' is already robust on input line 123.
LaTeX Info: Redefining \. on input line 123.
LaTeX Info: Redefining \% on input line 123.
 (/usr/share/texmf-dist/tex/context/base/mkii/supp-pdf.mkii
[Loading MPS to PDF converter (version 2006.09.02).]
\scratchcounter=\count377
\scratchdimen=\dimen311
\scratchbox=\box129
\nofMPsegments=\count378
\nofMParguments=\count379
\everyMPshowfont=\toks55
\MPscratchCnt=\count380
\MPscratchDim=\dimen312
\MPnumerator=\count381
\makeMPintoPDFobject=\count382
\everyMPtoPDFconversion=\toks56
) (/usr/share/texmf-dist/tex/latex/epstopdf-pkg/epstopdf-base.sty
Package: epstopdf-base 2020-01-24 v2.11 Base part for package epstopdf
 (/usr/share/texmf-dist/tex/latex/grfext/grfext.sty
Package: grfext 2019/12/03 v1.3 Manage graphics extensions (HO)
)
Package epstopdf-base Info: Redefining graphics rule for `.eps' on input line 485.
Package grfext Info: Graphics extension search list:
(grfext)             [.pdf,.png,.jpg,.mps,.jpeg,.jbig2,.jb2,.PDF,.PNG,.JPG,.JPEG,.JBIG2,.JB2,.eps]
(grfext)             \AppendGraphicsExtensions on input line 504.
 (/usr/share/texmf-dist/tex/latex/latexconfig/epstopdf-sys.cfg
File: epstopdf-sys.cfg 2010/07/13 v1.3 Configuration of (r)epstopdf for TeX Live
))
Package hyperref Info: Link coloring OFF on input line 123.
 (./main.out) (./main.out)
\@outlinefile=\write4
\openout4 = `main.out'.

\c@lstlisting=\count383

*geometry* driver: auto-detecting
*geometry* detected driver: pdftex
*geometry* verbose mode - [ preamble ] result:
* driver: pdftex
* paper: letterpaper
* layout: <same size as paper>
* layoutoffset:(h,v)=(0.0pt,0.0pt)
* modes: 
* h-part:(L,W,R)=(92.14519pt, 430.00462pt, 92.14519pt)
* v-part:(T,H,B)=(95.39737pt, 556.47656pt, 143.09605pt)
* \paperwidth=614.295pt
* \paperheight=794.96999pt
* \textwidth=430.00462pt
* \textheight=556.47656pt
* \oddsidemargin=19.8752pt
* \evensidemargin=19.8752pt
* \topmargin=-8.74641pt
* \headheight=12.0pt
* \headsep=19.8738pt
* \topskip=12.0pt
* \footskip=30.0pt
* \marginparwidth=47.0pt
* \marginparsep=7.0pt
* \columnsep=10.0pt
* \skip\footins=10.8pt plus 4.0pt minus 2.0pt
* \hoffset=0.0pt
* \voffset=0.0pt
* \mag=1000
* \@twocolumnfalse
* \@twosidefalse
* \@mparswitchfalse
* \@reversemarginfalse
* (1in=72.27pt=25.4mm, 1cm=28.453pt)


Package chemgreek Info: Activating mapping `newtx' on line 123.

(/usr/share/texmf-dist/tex/latex/translations/translations-basic-dictionary-spanish.trsl
File: translations-basic-dictionary-spanish.trsl (spanish translation file `translations-basic-dictionary')
)
Package translations Info: loading dictionary `translations-basic-dictionary' for `spanish'. on input line 123.
 (/usr/share/texmf-dist/tex/latex/pdflscape/pdflscape.sty
Package: pdflscape 2022-10-27 v0.13 Display of landscape pages in PDF
 (/usr/share/texmf-dist/tex/latex/pdflscape/pdflscape-nometadata.sty
Package: pdflscape-nometadata 2022-10-28 v0.13 Display of landscape pages in PDF (HO)
 (/usr/share/texmf-dist/tex/latex/graphics/lscape.sty
Package: lscape 2020/05/28 v3.02 Landscape Pages (DPC)
)
Package pdflscape Info: Auto-detected driver: pdftex on input line 81.
))
LaTeX Font Info:    Trying to load font information for OT1+minntx on input line 131.
 (/usr/share/texmf-dist/tex/latex/newtx/ot1minntx.fd
File: ot1minntx.fd 2022/01/20 v1.0 font definition file for OT1/minntx
)
LaTeX Font Info:    Trying to load font information for U+ntxmia on input line 131.
 (/usr/share/texmf-dist/tex/latex/newtx/untxmia.fd
File: untxmia.fd 2018/04/14 Fontinst v1.933 font definitions for U/ntxmia.
)
LaTeX Font Info:    Trying to load font information for U+ntxsym on input line 131.
 (/usr/share/texmf-dist/tex/latex/newtx/untxsym.fd
File: untxsym.fd 2015/03/20 Fontinst v1.933 font definitions for U/ntxsym.
)
LaTeX Font Info:    Trying to load font information for U+ntxsyc on input line 131.
 (/usr/share/texmf-dist/tex/latex/newtx/untxsyc.fd
File: untxsyc.fd 2012/04/12 Fontinst v1.933 font definitions for U/ntxsyc.
)
LaTeX Font Info:    Font shape `OT1/ntxtlf/m/it' will be
(Font)              scaled to size 12.0pt on input line 131.
LaTeX Font Info:    Font shape `OT1/ntxtlf/m/n' will be
(Font)              scaled to size 14.4pt on input line 138.
LaTeX Font Info:    Trying to load font information for OT1+pcr on input line 138.
 (/usr/share/texmf-dist/tex/latex/psnfss/ot1pcr.fd
File: ot1pcr.fd 2001/06/04 font definitions for OT1/pcr.
)
Overfull \hbox (86.9996pt too wide) in paragraph at lines 143--144
[][] 
 []

[1


{/var/lib/texmf/fonts/map/pdftex/updmap/pdftex.map}{/usr/share/texmf-dist/fonts/enc/dvips/base/8r.enc}{/usr/share/texmf-dist/fonts/enc/dvips/newtx/ntx-ot1-tlf.enc}]
LaTeX Font Info:    Font shape `OT1/ntxtlf/b/n' will be
(Font)              scaled to size 12.0pt on input line 150.
LaTeX Font Info:    Font shape `OT1/ntxtlf/b/n' will be
(Font)              scaled to size 24.88pt on input line 150.
 (./main.toc
LaTeX Info: Redefining \. on input line 1.
LaTeX Info: Redefining \% on input line 1.
 [1


])
\tf@toc=\write5
\openout5 = `main.toc'.

LaTeX Info: Redefining \. on input line 151.
LaTeX Info: Redefining \% on input line 151.
LaTeX Info: Redefining \. on input line 151.
LaTeX Info: Redefining \% on input line 151.

pdfTeX warning (ext4): destination with the same identifier (name{page.}) has been already used, duplicate ignored
<to be read again> 
                   \relax 
l.151 \clearpage
                 [2]
Cap\'{\i }tulo 1.
LaTeX Font Info:    Font shape `OT1/ntxtlf/b/n' will be
(Font)              scaled to size 18.2pt on input line 163.
LaTeX Font Info:    Font shape `OT1/ntxtlf/b/n' will be
(Font)              scaled to size 13.7pt on input line 163.
<fotos/citrico.png, id=252, 1204.5pt x 546.04pt>
File: fotos/citrico.png Graphic file (type png)
<use fotos/citrico.png>
Package pdftex.def Info: fotos/citrico.png  used on input line 169.
(pdftex.def)             Requested size: 206.40038pt x 93.56711pt.
<fotos/disolucion.png, id=254, 79.2561pt x 62.1522pt>
File: fotos/disolucion.png Graphic file (type png)
<use fotos/disolucion.png>
Package pdftex.def Info: fotos/disolucion.png  used on input line 170.
(pdftex.def)             Requested size: 206.40038pt x 161.86975pt.
[4


 <./fotos/citrico.png> <./fotos/disolucion.png>]
\openout2 = `pr1.aux'.

 (./pr1.tex
LaTeX Font Info:    Font shape `OT1/ntxtlf/m/n' will be
(Font)              scaled to size 17.28pt on input line 1.
LaTeX Font Info:    Font shape `OT1/ntxtlf/b/n' will be
(Font)              scaled to size 17.28pt on input line 1.
LaTeX Font Info:    Font shape `OT1/ntxtlf/m/n' will be
(Font)              scaled to size 8.8pt on input line 2.
LaTeX Font Info:    Font shape `OT1/ntxtlf/m/n' will be
(Font)              scaled to size 6.6pt on input line 2.

Underfull \hbox (badness 10000) in paragraph at lines 2--4

 []

<prac1/aermetros.jpg, id=261, 582.175pt x 582.175pt>
File: prac1/aermetros.jpg Graphic file (type jpg)
<use prac1/aermetros.jpg>
Package pdftex.def Info: prac1/aermetros.jpg  used on input line 25.
(pdftex.def)             Requested size: 171.99922pt x 171.99774pt.
<prac1/picnmetro.jpg, id=262, 322.20375pt x 322.20375pt>
File: prac1/picnmetro.jpg Graphic file (type jpg)
<use prac1/picnmetro.jpg>
Package pdftex.def Info: prac1/picnmetro.jpg  used on input line 26.
(pdftex.def)             Requested size: 171.99922pt x 172.0061pt.
LaTeX Info: Redefining \. on input line 31.
LaTeX Info: Redefining \% on input line 31.
LaTeX Info: Redefining \. on input line 31.
LaTeX Info: Redefining \% on input line 31.
[5


pdfTeX warning (ext4): destination with the same identifier (name{figure.1.1}) has been already used, duplicate ignored
<argument> ...shipout:D \box_use:N \l_shipout_box 
                                                  \__shipout_drop_firstpage_...
l.31 \clearpage
                <./prac1/aermetros.jpg> <./prac1/picnmetro.jpg>]
LaTeX Font Info:    Font shape `OT1/ntxtlf/b/n' will be
(Font)              scaled to size 14.4pt on input line 34.

Underfull \hbox (badness 10000) in paragraph at lines 35--38

 []


Underfull \hbox (badness 10000) in paragraph at lines 35--38

 []


Underfull \hbox (badness 10000) in paragraph at lines 40--56

 []

LaTeX Info: Redefining \. on input line 60.
LaTeX Info: Redefining \% on input line 60.
LaTeX Info: Redefining \. on input line 60.
LaTeX Info: Redefining \% on input line 60.
[6


pdfTeX warning (ext4): destination with the same identifier (name{table.1.1}) has been already used, duplicate ignored
<argument> ...shipout:D \box_use:N \l_shipout_box 
                                                  \__shipout_drop_firstpage_...
l.60 \clearpage
               ]
Underfull \hbox (badness 10000) in paragraph at lines 62--64

 []


Underfull \hbox (badness 10000) in paragraph at lines 62--64

 []

LaTeX Info: Redefining \. on input line 86.
LaTeX Info: Redefining \% on input line 86.
LaTeX Info: Redefining \. on input line 86.
LaTeX Info: Redefining \% on input line 86.
[7


pdfTeX warning (ext4): destination with the same identifier (name{table.1.2}) has been already used, duplicate ignored
<argument> ...shipout:D \box_use:N \l_shipout_box 
                                                  \__shipout_drop_firstpage_...
l.86 \clearpage
               ]
LaTeX Font Info:    Font shape `OT1/ntxtlf/b/it' will be
(Font)              scaled to size 12.0pt on input line 90.
LaTeX Font Info:    Trying to load font information for U+lasy on input line 91.
 (/usr/share/texmf-dist/tex/latex/base/ulasy.fd
File: ulasy.fd 1998/08/17 v2.2e LaTeX symbol font definitions
)
Underfull \hbox (badness 10000) in paragraph at lines 90--92

 []


Underfull \hbox (badness 10000) in paragraph at lines 90--92

 []

LaTeX Font Info:    Font shape `OT1/ntxtlf/b/n' will be
(Font)              scaled to size 10.95pt on input line 118.
LaTeX Font Info:    Font shape `OT1/ntxtlf/b/n' will be
(Font)              scaled to size 8.8pt on input line 118.
LaTeX Font Info:    Font shape `OT1/ntxtlf/b/n' will be
(Font)              scaled to size 6.6pt on input line 118.
LaTeX Info: Redefining \. on input line 122.
LaTeX Info: Redefining \% on input line 122.
LaTeX Info: Redefining \. on input line 122.
LaTeX Info: Redefining \% on input line 122.
[8

]
Underfull \hbox (badness 10000) in paragraph at lines 124--125

 []


Underfull \hbox (badness 10000) in paragraph at lines 129--131

 []


Underfull \hbox (badness 10000) in paragraph at lines 129--131

 []


Underfull \hbox (badness 10000) in paragraph at lines 129--131

 []


Underfull \hbox (badness 10000) in paragraph at lines 134--136

 []


Underfull \hbox (badness 10000) in paragraph at lines 134--136

 []


Underfull \hbox (badness 10000) in paragraph at lines 134--136

 []

)
LaTeX Info: Redefining \. on input line 173.
LaTeX Info: Redefining \% on input line 173.
LaTeX Info: Redefining \. on input line 173.
LaTeX Info: Redefining \% on input line 173.
 [9

]
Cap\'{\i }tulo 2.
<fotos/portada.jpg, id=292, 381.425pt x 253.94875pt>
File: fotos/portada.jpg Graphic file (type jpg)
<use fotos/portada.jpg>
Package pdftex.def Info: fotos/portada.jpg  used on input line 182.
(pdftex.def)             Requested size: 344.005pt x 229.04387pt.
[10



 <./fotos/portada.jpg>]
\openout2 = `pr2.aux'.

 (./pr2.tex
<fotos/mesa2.jpg, id=297, 3011.25pt x 1408.51219pt>
File: fotos/mesa2.jpg Graphic file (type jpg)
<use fotos/mesa2.jpg>
Package pdftex.def Info: fotos/mesa2.jpg  used on input line 32.
(pdftex.def)             Requested size: 180.6672pt x 84.50708pt.
<fotos/soli2.jpg, id=298, 1751.7947pt x 862.72313pt>
File: fotos/soli2.jpg Graphic file (type jpg)
<use fotos/soli2.jpg>
Package pdftex.def Info: fotos/soli2.jpg  used on input line 33.
(pdftex.def)             Requested size: 140.14644pt x 69.01926pt.
LaTeX Info: Redefining \. on input line 38.
LaTeX Info: Redefining \% on input line 38.
LaTeX Info: Redefining \. on input line 38.
LaTeX Info: Redefining \% on input line 38.
 [11


pdfTeX warning (ext4): destination with the same identifier (name{figure.2.1}) has been already used, duplicate ignored
<argument> ...shipout:D \box_use:N \l_shipout_box 
                                                  \__shipout_drop_firstpage_...
l.38 \clearpage
                <./fotos/mesa2.jpg> <./fotos/soli2.jpg>]
Underfull \hbox (badness 10000) in paragraph at lines 70--71

 []


Underfull \hbox (badness 10000) in paragraph at lines 74--75

 []


Underfull \hbox (badness 10000) in paragraph at lines 76--77

 []

LaTeX Info: Redefining \. on input line 80.
LaTeX Info: Redefining \% on input line 80.
LaTeX Info: Redefining \. on input line 80.
LaTeX Info: Redefining \% on input line 80.
[12

]
Underfull \hbox (badness 10000) in paragraph at lines 134--135

 []


Underfull \hbox (badness 10000) in paragraph at lines 137--138

 []

LaTeX Info: Redefining \. on input line 138.
LaTeX Info: Redefining \% on input line 138.
LaTeX Info: Redefining \. on input line 138.
LaTeX Info: Redefining \% on input line 138.
[13


pdfTeX warning (ext4): destination with the same identifier (name{table.2.1}) has been already used, duplicate ignored
<argument> ...shipout:D \box_use:N \l_shipout_box 
                                                  \__shipout_drop_firstpage_...
l.138 
      ]
Underfull \hbox (badness 10000) in paragraph at lines 168--169

 []

LaTeX Info: Redefining \. on input line 189.
LaTeX Info: Redefining \% on input line 189.
LaTeX Info: Redefining \. on input line 189.
LaTeX Info: Redefining \% on input line 189.
[14
pdfTeX warning (ext4): destination with the same identifier (name{table.2.2}) has been already used, duplicate ignored
<argument> ...shipout:D \box_use:N \l_shipout_box 
                                                  \__shipout_drop_firstpage_...
l.189 \clearpage
                
pdfTeX warning (ext4): destination with the same identifier (name{table.2.3}) has been already used, duplicate ignored
<argument> ...shipout:D \box_use:N \l_shipout_box 
                                                  \__shipout_drop_firstpage_...
l.189 \clearpage
                ]
Underfull \hbox (badness 10000) in paragraph at lines 193--194

 []


Underfull \hbox (badness 10000) in paragraph at lines 198--199

 []


Underfull \hbox (badness 10000) in paragraph at lines 218--219

 []


Underfull \hbox (badness 10000) in paragraph at lines 222--224

 []


Underfull \hbox (badness 10000) in paragraph at lines 227--228

 []


Underfull \hbox (badness 10000) in paragraph at lines 231--233

 []


Underfull \hbox (badness 10000) in paragraph at lines 234--235

 []

)
LaTeX Info: Redefining \. on input line 185.
LaTeX Info: Redefining \% on input line 185.
LaTeX Info: Redefining \. on input line 185.
LaTeX Info: Redefining \% on input line 185.
 [15

]
Cap\'{\i }tulo 3.
<prac3/portada.jpg, id=340, 937.5025pt x 770.88pt>
File: prac3/portada.jpg Graphic file (type jpg)
<use prac3/portada.jpg>
Package pdftex.def Info: prac3/portada.jpg  used on input line 194.
(pdftex.def)             Requested size: 430.00462pt x 353.57399pt.
[16



 <./prac3/Portada.jpg>]
\openout2 = `pr3.aux'.

 (./pr3.tex
<prac3/Inventario3.jpeg, id=345, 1517.67pt x 1138.2525pt>
File: prac3/Inventario3.jpeg Graphic file (type jpg)
<use prac3/Inventario3.jpeg>
Package pdftex.def Info: prac3/Inventario3.jpeg  used on input line 34.
(pdftex.def)             Requested size: 227.64067pt x 170.7305pt.
LaTeX Info: Redefining \. on input line 39.
LaTeX Info: Redefining \% on input line 39.
LaTeX Info: Redefining \. on input line 39.
LaTeX Info: Redefining \% on input line 39.
 [17

 <./prac3/Inventario3.jpeg>]
Underfull \hbox (badness 10000) in paragraph at lines 42--45

 []


Underfull \hbox (badness 10000) in paragraph at lines 42--45

 []

LaTeX Info: Redefining \. on input line 46.
LaTeX Info: Redefining \% on input line 46.
LaTeX Info: Redefining \. on input line 46.
LaTeX Info: Redefining \% on input line 46.
[18

]
Underfull \hbox (badness 10000) in paragraph at lines 48--56

 []


Underfull \hbox (badness 10000) in paragraph at lines 48--56

 []


LaTeX Warning: Command \textpm invalid in math mode on input line 61.

LaTeX Font Info:    Trying to load font information for TS1+ntxtlf on input line 61.
(/usr/share/texmf-dist/tex/latex/newtx/ts1ntxtlf.fd
File: ts1ntxtlf.fd 2015/01/18 v1.0 fd file for TS1/ntxtlf
)
LaTeX Font Info:    Font shape `TS1/ntxtlf/m/n' will be
(Font)              scaled to size 12.0pt on input line 61.


LaTeX Warning: Command \textpm invalid in math mode on input line 61.

Missing character: There is no  in font ntx-Regular-tlf-ot1!

LaTeX Warning: Command \textpm invalid in math mode on input line 61.


LaTeX Warning: Command \textpm invalid in math mode on input line 61.

Missing character: There is no  in font ntx-Regular-tlf-ot1!

LaTeX Warning: Command \textpm invalid in math mode on input line 61.


LaTeX Warning: Command \textpm invalid in math mode on input line 61.

Missing character: There is no  in font ntx-Regular-tlf-ot1!

LaTeX Warning: Command \textpm invalid in math mode on input line 61.


LaTeX Warning: Command \textpm invalid in math mode on input line 61.

Missing character: There is no  in font ntx-Regular-tlf-ot1!

Underfull \hbox (badness 10000) in paragraph at lines 59--63

 []


Underfull \hbox (badness 10000) in paragraph at lines 59--63

 []

LaTeX Info: Redefining \. on input line 63.
LaTeX Info: Redefining \% on input line 63.
LaTeX Info: Redefining \. on input line 63.
LaTeX Info: Redefining \% on input line 63.
[19

]
<prac3/Grfica3).jpg, id=360, 356.532pt x 210.7875pt>
File: prac3/Grfica3).jpg Graphic file (type jpg)
<use prac3/Grfica3).jpg>
Package pdftex.def Info: prac3/Grfica3).jpg  used on input line 70.
(pdftex.def)             Requested size: 356.53111pt x 210.78699pt.

Underfull \hbox (badness 10000) in paragraph at lines 75--77

 []

LaTeX Info: Redefining \. on input line 80.
LaTeX Info: Redefining \% on input line 80.
LaTeX Info: Redefining \. on input line 80.
LaTeX Info: Redefining \% on input line 80.
[20


pdfTeX warning (ext4): destination with the same identifier (name{figure.3.1}) has been already used, duplicate ignored
<argument> ...shipout:D \box_use:N \l_shipout_box 
                                                  \__shipout_drop_firstpage_...
l.80 \clearpage
                <./prac3/Grfica3).jpg>]
<prac3/tabla31.jpg, id=366, 284.86424pt x 374.5995pt>
File: prac3/tabla31.jpg Graphic file (type jpg)
<use prac3/tabla31.jpg>
Package pdftex.def Info: prac3/tabla31.jpg  used on input line 85.
(pdftex.def)             Requested size: 213.64764pt x 280.94893pt.
<prac3/tabla32.jpg, id=367, 286.06876pt x 378.213pt>
File: prac3/tabla32.jpg Graphic file (type jpg)
<use prac3/tabla32.jpg>
Package pdftex.def Info: prac3/tabla32.jpg  used on input line 86.
(pdftex.def)             Requested size: 214.55104pt x 283.65904pt.
<prac3/Grfica3.1.jpg, id=368, 392.06474pt x 233.673pt>
File: prac3/Grfica3.1.jpg Graphic file (type jpg)
<use prac3/Grfica3.1.jpg>
Package pdftex.def Info: prac3/Grfica3.1.jpg  used on input line 95.
(pdftex.def)             Requested size: 313.65222pt x 186.93864pt.
LaTeX Info: Redefining \. on input line 98.
LaTeX Info: Redefining \% on input line 98.
LaTeX Info: Redefining \. on input line 98.
LaTeX Info: Redefining \% on input line 98.
 [21

 <./prac3/tabla31.jpg> <./prac3/tabla32.jpg> <./prac3/Grfica3.1.jpg>]
Underfull \hbox (badness 10000) in paragraph at lines 100--103

 []


Underfull \hbox (badness 10000) in paragraph at lines 100--103

 []

)
Underfull \hbox (badness 10000) in paragraph at lines 107--197

 []


Underfull \hbox (badness 10000) in paragraph at lines 107--197

 []

LaTeX Info: Redefining \. on input line 197.
LaTeX Info: Redefining \% on input line 197.
LaTeX Info: Redefining \. on input line 197.
LaTeX Info: Redefining \% on input line 197.
[22

]
Cap\'{\i }tulo 4.
<fotos/dureza.jpg, id=377, 1284.8pt x 722.7pt>
File: fotos/dureza.jpg Graphic file (type jpg)
<use fotos/dureza.jpg>
Package pdftex.def Info: fotos/dureza.jpg  used on input line 206.
(pdftex.def)             Requested size: 430.00462pt x 241.87717pt.
[23



 <./fotos/dureza.jpg>]
\openout2 = `pr4.aux'.

 (./pr4.tex
<fotos/set4.jpg, id=382, 2305.11188pt x 1571.8725pt>
File: fotos/set4.jpg Graphic file (type jpg)
<use fotos/set4.jpg>
Package pdftex.def Info: fotos/set4.jpg  used on input line 41.
(pdftex.def)             Requested size: 112.94092pt x 77.01523pt.
<fotos/placa4.jpg, id=383, 1830.08719pt x 1142.01656pt>
File: fotos/placa4.jpg Graphic file (type jpg)
<use fotos/placa4.jpg>
Package pdftex.def Info: fotos/placa4.jpg  used on input line 42.
(pdftex.def)             Requested size: 123.17648pt x 76.86496pt.
<fotos/liqui4.jpg, id=384, 2355.55031pt x 1324.19719pt>
File: fotos/liqui4.jpg Graphic file (type jpg)
<use fotos/liqui4.jpg>
Package pdftex.def Info: fotos/liqui4.jpg  used on input line 43.
(pdftex.def)             Requested size: 136.61841pt x 76.80147pt.
LaTeX Info: Redefining \. on input line 48.
LaTeX Info: Redefining \% on input line 48.
LaTeX Info: Redefining \. on input line 48.
LaTeX Info: Redefining \% on input line 48.
 [24


pdfTeX warning (ext4): destination with the same identifier (name{figure.4.1}) has been already used, duplicate ignored
<argument> ...shipout:D \box_use:N \l_shipout_box 
                                                  \__shipout_drop_firstpage_...
l.48 \clearpage
                <./fotos/set4.jpg> <./fotos/placa4.jpg> <./fotos/liqui4.jpg>]
LaTeX Info: Redefining \. on input line 115.
LaTeX Info: Redefining \% on input line 115.
LaTeX Info: Redefining \. on input line 115.
LaTeX Info: Redefining \% on input line 115.
 [25

]
Overfull \hbox (18.62518pt too wide) detected at line 125
\OML/ntxmi/m/it/12 V[] \U/ntxmia/m/it/12 = \OT1/minntx/m/n/12 35[]2\OML/ntxmi/m/it/12 mL \U/ntxsym/m/n/12  \OT1/minntx/m/n/12 0[]0352\OML/ntxmi/m/it/12 L \LMS/ntxsy/m/n/12 ^^A [] \U/ntxmia/m/it/12 = \OT1/minntx/m/n/12 3[]52 \LMS/ntxsy/m/n/12 ^^A []\OML/ntxmi/m/it/12 molesdeEDTA \U/ntxsym/m/n/12  \OT1/minntx/m/n/12 3[]52 \LMS/ntxsy/m/n/12 ^^A []\OML/ntxmi/m/it/12 M\LMS/ntxsy/m/n/12 [][][]  [][][]
 []


Overfull \hbox (18.62518pt too wide) detected at line 129
\OML/ntxmi/m/it/12 V[] \U/ntxmia/m/it/12 = \OT1/minntx/m/n/12 34[]7\OML/ntxmi/m/it/12 mL \U/ntxsym/m/n/12  \OT1/minntx/m/n/12 0[]0347\OML/ntxmi/m/it/12 L \LMS/ntxsy/m/n/12 ^^A [] \U/ntxmia/m/it/12 = \OT1/minntx/m/n/12 3[]47 \LMS/ntxsy/m/n/12 ^^A []\OML/ntxmi/m/it/12 molesdeEDTA \U/ntxsym/m/n/12  \OT1/minntx/m/n/12 3[]47 \LMS/ntxsy/m/n/12 ^^A []\OML/ntxmi/m/it/12 M\LMS/ntxsy/m/n/12 [][][]  [][][]
 []

LaTeX Info: Redefining \. on input line 153.
LaTeX Info: Redefining \% on input line 153.
LaTeX Info: Redefining \. on input line 153.
LaTeX Info: Redefining \% on input line 153.
[26

])
LaTeX Info: Redefining \. on input line 209.
LaTeX Info: Redefining \% on input line 209.
LaTeX Info: Redefining \. on input line 209.
LaTeX Info: Redefining \% on input line 209.
 [27

]
Cap\'{\i }tulo 5.
<prac5/Aesthetic.jpeg, id=405, 2007.5pt x 1505.625pt>
File: prac5/Aesthetic.jpeg Graphic file (type jpg)
<use prac5/Aesthetic.jpeg>
Package pdftex.def Info: prac5/Aesthetic.jpeg  used on input line 216.
(pdftex.def)             Requested size: 258.00539pt x 193.48666pt.
<prac5/Inventario 5 todo.jpeg, id=406, 1276.77pt x 764.8575pt>
File: prac5/Inventario 5 todo.jpeg Graphic file (type jpg)
<use prac5/Inventario 5 todo.jpeg>
Package pdftex.def Info: prac5/Inventario 5 todo.jpeg  used on input line 220.
(pdftex.def)             Requested size: 258.00539pt x 154.556pt.
[28



 <./prac5/Aesthetic.jpeg> <./prac5/Inventario 5 todo.jpeg>]
\openout2 = `pr5.aux'.

 (./pr5.tex
<prac5/Material.jpeg, id=411, 1470.99562pt x 651.93562pt>
File: prac5/Material.jpeg Graphic file (type jpg)
<use prac5/Material.jpeg>
Package pdftex.def Info: prac5/Material.jpeg  used on input line 32.
(pdftex.def)             Requested size: 294.19391pt x 130.38481pt.
<prac5/Lquidos_empleados.jpeg, id=412, 2007.5pt x 1505.625pt>
File: prac5/Lquidos_empleados.jpeg Graphic file (type jpg)
<use prac5/Lquidos_empleados.jpeg>
Package pdftex.def Info: prac5/Lquidos_empleados.jpeg  used on input line 33.
(pdftex.def)             Requested size: 174.66335pt x 130.9975pt.
LaTeX Info: Redefining \. on input line 38.
LaTeX Info: Redefining \% on input line 38.
LaTeX Info: Redefining \. on input line 38.
LaTeX Info: Redefining \% on input line 38.
 [29


pdfTeX warning (ext4): destination with the same identifier (name{figure.5.1}) has been already used, duplicate ignored
<argument> ...shipout:D \box_use:N \l_shipout_box 
                                                  \__shipout_drop_firstpage_...
l.38 \clearpage
                <./prac5/Material.jpeg> <./prac5/Lquidos_empleados.jpeg>]
LaTeX Info: Redefining \. on input line 84.
LaTeX Info: Redefining \% on input line 84.
LaTeX Info: Redefining \. on input line 84.
LaTeX Info: Redefining \% on input line 84.
 [30

]
Underfull \hbox (badness 10000) in paragraph at lines 88--95

 []

LaTeX Info: Redefining \. on input line 126.
LaTeX Info: Redefining \% on input line 126.
LaTeX Info: Redefining \. on input line 126.
LaTeX Info: Redefining \% on input line 126.
[31


pdfTeX warning (ext4): destination with the same identifier (name{table.5.1}) has been already used, duplicate ignored
<argument> ...shipout:D \box_use:N \l_shipout_box 
                                                  \__shipout_drop_firstpage_...
l.126 \clearpage
                ]
Underfull \hbox (badness 10000) in paragraph at lines 128--130

 []

LaTeX Info: Redefining \. on input line 155.
LaTeX Info: Redefining \% on input line 155.
LaTeX Info: Redefining \. on input line 155.
LaTeX Info: Redefining \% on input line 155.
[32

]
Underfull \hbox (badness 10000) in paragraph at lines 157--159

 []

)
LaTeX Info: Redefining \. on input line 222.
LaTeX Info: Redefining \% on input line 222.
LaTeX Info: Redefining \. on input line 222.
LaTeX Info: Redefining \% on input line 222.
 [33

]
Cap\'{\i }tulo 6.
<fotos/frmula-qumica-del-cido-acetilsaliclico-con-la-pluma-114646429.jpg, id=471, 192.72pt x 128.3997pt>
File: fotos/frmula-qumica-del-cido-acetilsaliclico-con-la-pluma-114646429.jpg Graphic file (type jpg)
<use fotos/frmula-qumica-del-cido-acetilsaliclico-con-la-pluma-114646429.jpg>
Package pdftex.def Info: fotos/frmula-qumica-del-cido-acetilsaliclico-con-la-pluma-114646429.jpg  used on input line 231.
(pdftex.def)             Requested size: 430.00462pt x 286.49072pt.
[34



 <./fotos/frmula-qumica-del-cido-acetilsaliclico-con-la-pluma-114646429.jpg>]
\openout2 = `pr6.aux'.

 (./pr6.tex
Underfull \hbox (badness 10000) in paragraph at lines 3--5

 []

<Figura-3-Proceso-general-de-cristalizacion-por-pasos-Fuente.png, id=477, 853.1875pt x 419.5675pt>
File: Figura-3-Proceso-general-de-cristalizacion-por-pasos-Fuente.png Graphic file (type png)
<use Figura-3-Proceso-general-de-cristalizacion-por-pasos-Fuente.png>
Package pdftex.def Info: Figura-3-Proceso-general-de-cristalizacion-por-pasos-Fuente.png  used on input line 10.
(pdftex.def)             Requested size: 426.59271pt x 209.78323pt.
LaTeX Info: Redefining \. on input line 19.
LaTeX Info: Redefining \% on input line 19.
LaTeX Info: Redefining \. on input line 19.
LaTeX Info: Redefining \% on input line 19.
[35


pdfTeX warning (ext4): destination with the same identifier (name{figure.6.1}) has been already used, duplicate ignored
<argument> ...shipout:D \box_use:N \l_shipout_box 
                                                  \__shipout_drop_firstpage_...
l.19 \clearpage
                <./Figura-3-Proceso-general-de-cristalizacion-por-pasos-Fuente.png>]
<fotos/set6-1.jpeg, id=485, 2007.5pt x 1505.625pt>
File: fotos/set6-1.jpeg Graphic file (type jpg)
<use fotos/set6-1.jpeg>
Package pdftex.def Info: fotos/set6-1.jpeg  used on input line 54.
(pdftex.def)             Requested size: 200.76175pt x 150.57132pt.
<fotos/set6-2.jpeg, id=486, 2007.5pt x 1505.625pt>
File: fotos/set6-2.jpeg Graphic file (type jpg)
<use fotos/set6-2.jpeg>
Package pdftex.def Info: fotos/set6-2.jpeg  used on input line 55.
(pdftex.def)             Requested size: 200.76175pt x 150.57132pt.
LaTeX Info: Redefining \. on input line 60.
LaTeX Info: Redefining \% on input line 60.
LaTeX Info: Redefining \. on input line 60.
LaTeX Info: Redefining \% on input line 60.
 [36


pdfTeX warning (ext4): destination with the same identifier (name{figure.6.2}) has been already used, duplicate ignored
<argument> ...shipout:D \box_use:N \l_shipout_box 
                                                  \__shipout_drop_firstpage_...
l.60 \clearpage
                <./fotos/set6-1.jpeg> <./fotos/set6-2.jpeg>]
<fotos/Plato-de-reloj-de-vidrio-de-laboratorio-cubierta-de-vaso-duro-en-forma-de-c-pula.jpg, id=493, 803.0pt x 803.0pt>
File: fotos/Plato-de-reloj-de-vidrio-de-laboratorio-cubierta-de-vaso-duro-en-forma-de-c-pula.jpg Graphic file (type jpg)
<use fotos/Plato-de-reloj-de-vidrio-de-laboratorio-cubierta-de-vaso-duro-en-forma-de-c-pula.jpg>
Package pdftex.def Info: fotos/Plato-de-reloj-de-vidrio-de-laboratorio-cubierta-de-vaso-duro-en-forma-de-c-pula.jpg  used on input line 86.
(pdftex.def)             Requested size: 96.35583pt x 96.35583pt.
LaTeX Info: Redefining \. on input line 94.
LaTeX Info: Redefining \% on input line 94.
LaTeX Info: Redefining \. on input line 94.
LaTeX Info: Redefining \% on input line 94.
 [37


pdfTeX warning (ext4): destination with the same identifier (name{figure.6.3}) has been already used, duplicate ignored
<argument> ...shipout:D \box_use:N \l_shipout_box 
                                                  \__shipout_drop_firstpage_...
l.94 
      <./fotos/Plato-de-reloj-de-vidrio-de-laboratorio-cubierta-de-vaso-duro-en-forma-de-c-pula.jpg>]
LaTeX Info: Redefining \. on input line 137.
LaTeX Info: Redefining \% on input line 137.
LaTeX Info: Redefining \. on input line 137.
LaTeX Info: Redefining \% on input line 137.
 [38
pdfTeX warning (ext4): destination with the same identifier (name{table.6.1}) has been already used, duplicate ignored
<argument> ...shipout:D \box_use:N \l_shipout_box 
                                                  \__shipout_drop_firstpage_...
l.137 \clearpage
                ])
LaTeX Info: Redefining \. on input line 234.
LaTeX Info: Redefining \% on input line 234.
LaTeX Info: Redefining \. on input line 234.
LaTeX Info: Redefining \% on input line 234.
 [39

]
Cap\'{\i }tulo 7.

Overfull \hbox (15.52425pt too wide) in paragraph at lines 237--237
|\OT1/ntxtlf/b/n/24.88 7. Es-tu-dio de la des-com-po-si-ci[]on del $[][][][][][][][][]$| 
 []

<prac7/Portada.png, id=509, 55.90887pt x 51.29163pt>
File: prac7/Portada.png Graphic file (type png)
<use prac7/Portada.png>
Package pdftex.def Info: prac7/Portada.png  used on input line 243.
(pdftex.def)             Requested size: 344.005pt x 315.60904pt.
[40



 <./prac7/Portada.png>]
\openout2 = `pr7.aux'.

 (./pr7.tex
Underfull \hbox (badness 10000) in paragraph at lines 2--4

 []

<prac7/Inventario Todo.jpeg, id=515, 1500.35532pt x 954.56625pt>
File: prac7/Inventario Todo.jpeg Graphic file (type jpg)
<use prac7/Inventario Todo.jpeg>
Package pdftex.def Info: prac7/Inventario Todo.jpeg  used on input line 23.
(pdftex.def)             Requested size: 300.06575pt x 190.90987pt.
<prac7/Buretas.jpeg, id=516, 1541.76pt x 2055.68pt>
File: prac7/Buretas.jpeg Graphic file (type jpg)
<use prac7/Buretas.jpeg>
Package pdftex.def Info: prac7/Buretas.jpeg  used on input line 24.
(pdftex.def)             Requested size: 143.3869pt x 191.18254pt.
LaTeX Info: Redefining \. on input line 29.
LaTeX Info: Redefining \% on input line 29.
LaTeX Info: Redefining \. on input line 29.
LaTeX Info: Redefining \% on input line 29.
[41


pdfTeX warning (ext4): destination with the same identifier (name{figure.7.1}) has been already used, duplicate ignored
<argument> ...shipout:D \box_use:N \l_shipout_box 
                                                  \__shipout_drop_firstpage_...
l.29 \clearpage
                <./prac7/Inventario Todo.jpeg> <./prac7/Buretas.jpeg>]
Underfull \hbox (badness 10000) in paragraph at lines 57--58

 []


Overfull \hbox (30.18178pt too wide) in paragraph at lines 61--73
 []|  [] 
 []

LaTeX Info: Redefining \. on input line 77.
LaTeX Info: Redefining \% on input line 77.
LaTeX Info: Redefining \. on input line 77.
LaTeX Info: Redefining \% on input line 77.
[42


pdfTeX warning (ext4): destination with the same identifier (name{table.7.1}) has been already used, duplicate ignored
<argument> ...shipout:D \box_use:N \l_shipout_box 
                                                  \__shipout_drop_firstpage_...
l.77 \clearpage
               
pdfTeX warning (ext4): destination with the same identifier (name{table.7.2}) has been already used, duplicate ignored
<argument> ...shipout:D \box_use:N \l_shipout_box 
                                                  \__shipout_drop_firstpage_...
l.77 \clearpage
               ]
LaTeX Info: Redefining \. on input line 128.
LaTeX Info: Redefining \% on input line 128.
LaTeX Info: Redefining \. on input line 128.
LaTeX Info: Redefining \% on input line 128.
 [43


pdfTeX warning (ext4): destination with the same identifier (name{table.7.3}) has been already used, duplicate ignored
<argument> ...shipout:D \box_use:N \l_shipout_box 
                                                  \__shipout_drop_firstpage_...
l.128 \clearpage
                
pdfTeX warning (ext4): destination with the same identifier (name{table.7.4}) has been already used, duplicate ignored
<argument> ...shipout:D \box_use:N \l_shipout_box 
                                                  \__shipout_drop_firstpage_...
l.128 \clearpage
                ]
<prac7/logaritmos.jpg, id=536, 464.33475pt x 350.5095pt>
File: prac7/logaritmos.jpg Graphic file (type jpg)
<use prac7/logaritmos.jpg>
Package pdftex.def Info: prac7/logaritmos.jpg  used on input line 157.
(pdftex.def)             Requested size: 232.1668pt x 175.25432pt.
)
LaTeX Info: Redefining \. on input line 246.
LaTeX Info: Redefining \% on input line 246.
LaTeX Info: Redefining \. on input line 246.
LaTeX Info: Redefining \% on input line 246.
 [44


pdfTeX warning (ext4): destination with the same identifier (name{table.7.5}) has been already used, duplicate ignored
<argument> ...shipout:D \box_use:N \l_shipout_box 
                                                  \__shipout_drop_firstpage_...
l.246 \include{pr7.tex}
                       
pdfTeX warning (ext4): destination with the same identifier (name{figure.7.2}) has been already used, duplicate ignored
<argument> ...shipout:D \box_use:N \l_shipout_box 
                                                  \__shipout_drop_firstpage_...
l.246 \include{pr7.tex}
                        <./prac7/logaritmos.jpg>]
Cap\'{\i }tulo 8.
<fotos/espectrofotometro_uv_vis.png, id=543, 526.96875pt x 178.41656pt>
File: fotos/espectrofotometro_uv_vis.png Graphic file (type png)
<use fotos/espectrofotometro_uv_vis.png>
Package pdftex.def Info: fotos/espectrofotometro_uv_vis.png  used on input line 255.
(pdftex.def)             Requested size: 473.0077pt x 160.15414pt.

Overfull \hbox (39.11255pt too wide) in paragraph at lines 254--257
 []|  [] 
 []

[45



 <./fotos/espectrofotometro_uv_vis.png>]
\openout2 = `pr8.aux'.

 (./pr8.tex
<fotos/instru.jpeg, id=548, 2023.56pt x 1517.67pt>
File: fotos/instru.jpeg Graphic file (type jpg)
<use fotos/instru.jpeg>
Package pdftex.def Info: fotos/instru.jpeg  used on input line 38.
(pdftex.def)             Requested size: 141.66367pt x 106.24776pt.
<fotos/set8.jpeg, id=549, 2023.56pt x 1517.67pt>
File: fotos/set8.jpeg Graphic file (type jpg)
<use fotos/set8.jpeg>
Package pdftex.def Info: fotos/set8.jpeg  used on input line 39.
(pdftex.def)             Requested size: 141.66367pt x 106.24776pt.
LaTeX Info: Redefining \. on input line 43.
LaTeX Info: Redefining \% on input line 43.
LaTeX Info: Redefining \. on input line 43.
LaTeX Info: Redefining \% on input line 43.
 [46


pdfTeX warning (ext4): destination with the same identifier (name{figure.8.1}) has been already used, duplicate ignored
<argument> ...shipout:D \box_use:N \l_shipout_box 
                                                  \__shipout_drop_firstpage_...
l.43 \clearpage
                <./fotos/instru.jpeg> <./fotos/set8.jpeg>]
Underfull \hbox (badness 10000) in paragraph at lines 46--47

 []

<fotos/SPTR-V01-001.jpg, id=555, 602.25pt x 602.25pt>
File: fotos/SPTR-V01-001.jpg Graphic file (type jpg)
<use fotos/SPTR-V01-001.jpg>
Package pdftex.def Info: fotos/SPTR-V01-001.jpg  used on input line 56.
(pdftex.def)             Requested size: 120.44786pt x 120.44786pt.

Underfull \hbox (badness 10000) in paragraph at lines 64--65

 []


Underfull \hbox (badness 10000) in paragraph at lines 66--67

 []


Underfull \hbox (badness 10000) in paragraph at lines 68--69

 []

LaTeX Info: Redefining \. on input line 69.
LaTeX Info: Redefining \% on input line 69.
LaTeX Info: Redefining \. on input line 69.
LaTeX Info: Redefining \% on input line 69.
[47


pdfTeX warning (ext4): destination with the same identifier (name{figure.8.2}) has been already used, duplicate ignored
<argument> ...shipout:D \box_use:N \l_shipout_box 
                                                  \__shipout_drop_firstpage_...
l.69 
      <./fotos/SPTR-V01-001.jpg>]
Underfull \hbox (badness 10000) in paragraph at lines 71--72

 []


Underfull \hbox (badness 10000) in paragraph at lines 83--85

 []


Underfull \hbox (badness 10000) in paragraph at lines 86--87

 []



pdfTeX warning: pdflatex (file ./fotitos.pdf): PDF inclusion: found PDF version <1.6>, but at most version <1.5> allowed
<fotitos.pdf, id=562, 597.53635pt x 845.04686pt>
File: fotitos.pdf Graphic file (type pdf)
<use fotitos.pdf>
Package pdftex.def Info: fotitos.pdf  used on input line 91.
(pdftex.def)             Requested size: 597.53488pt x 845.0448pt.


pdfTeX warning: pdflatex (file ./fotitos.pdf): PDF inclusion: found PDF version <1.6>, but at most version <1.5> allowed
File: fotitos.pdf Graphic file (type pdf)
<use fotitos.pdf>
Package pdftex.def Info: fotitos.pdf  used on input line 91.
(pdftex.def)             Requested size: 597.53488pt x 845.0448pt.


pdfTeX warning: pdflatex (file ./fotitos.pdf): PDF inclusion: found PDF version <1.6>, but at most version <1.5> allowed


pdfTeX warning: pdflatex (file ./fotitos.pdf): PDF inclusion: found PDF version <1.6>, but at most version <1.5> allowed
<fotitos.pdf, id=565, page=1, 597.53635pt x 845.04686pt>
File: fotitos.pdf Graphic file (type pdf)
<use fotitos.pdf, page 1>
Package pdftex.def Info: fotitos.pdf , page1 used on input line 91.
(pdftex.def)             Requested size: 597.53488pt x 845.0448pt.
File: fotitos.pdf Graphic file (type pdf)
<use fotitos.pdf, page 1>
Package pdftex.def Info: fotitos.pdf , page1 used on input line 91.
(pdftex.def)             Requested size: 562.14925pt x 795.00179pt.
LaTeX Info: Redefining \. on input line 91.
LaTeX Info: Redefining \% on input line 91.
LaTeX Info: Redefining \. on input line 91.
LaTeX Info: Redefining \% on input line 91.
[48]
File: fotitos.pdf Graphic file (type pdf)
<use fotitos.pdf, page 1>
Package pdftex.def Info: fotitos.pdf , page1 used on input line 91.
(pdftex.def)             Requested size: 562.14925pt x 795.00179pt.
File: fotitos.pdf Graphic file (type pdf)
<use fotitos.pdf, page 1>
Package pdftex.def Info: fotitos.pdf , page1 used on input line 91.
(pdftex.def)             Requested size: 562.14925pt x 795.00179pt.
File: fotitos.pdf Graphic file (type pdf)
<use fotitos.pdf, page 1>
Package pdftex.def Info: fotitos.pdf , page1 used on input line 91.
(pdftex.def)             Requested size: 562.14925pt x 795.00179pt.
 [49 <./fotitos.pdf>]

pdfTeX warning: pdflatex (file ./fotitos.pdf): PDF inclusion: found PDF version <1.6>, but at most version <1.5> allowed
<fotitos.pdf, id=596, page=2, 597.53635pt x 845.04686pt>
File: fotitos.pdf Graphic file (type pdf)
<use fotitos.pdf, page 2>
Package pdftex.def Info: fotitos.pdf , page2 used on input line 91.
(pdftex.def)             Requested size: 562.14925pt x 795.00179pt.
File: fotitos.pdf Graphic file (type pdf)
<use fotitos.pdf, page 2>
Package pdftex.def Info: fotitos.pdf , page2 used on input line 91.
(pdftex.def)             Requested size: 562.14925pt x 795.00179pt.
File: fotitos.pdf Graphic file (type pdf)
<use fotitos.pdf, page 2>
Package pdftex.def Info: fotitos.pdf , page2 used on input line 91.
(pdftex.def)             Requested size: 562.14925pt x 795.00179pt.
[50 <./fotitos.pdf>]

pdfTeX warning: pdflatex (file ./fotitos.pdf): PDF inclusion: found PDF version <1.6>, but at most version <1.5> allowed
<fotitos.pdf, id=602, page=3, 597.53635pt x 845.04686pt>
File: fotitos.pdf Graphic file (type pdf)
<use fotitos.pdf, page 3>
Package pdftex.def Info: fotitos.pdf , page3 used on input line 91.
(pdftex.def)             Requested size: 562.14925pt x 795.00179pt.
File: fotitos.pdf Graphic file (type pdf)
<use fotitos.pdf, page 3>
Package pdftex.def Info: fotitos.pdf , page3 used on input line 91.
(pdftex.def)             Requested size: 562.14925pt x 795.00179pt.
File: fotitos.pdf Graphic file (type pdf)
<use fotitos.pdf, page 3>
Package pdftex.def Info: fotitos.pdf , page3 used on input line 91.
(pdftex.def)             Requested size: 562.14925pt x 795.00179pt.
[51 <./fotitos.pdf>]

pdfTeX warning: pdflatex (file ./fotitos.pdf): PDF inclusion: found PDF version <1.6>, but at most version <1.5> allowed
<fotitos.pdf, id=608, page=4, 597.53635pt x 845.04686pt>
File: fotitos.pdf Graphic file (type pdf)
<use fotitos.pdf, page 4>
Package pdftex.def Info: fotitos.pdf , page4 used on input line 91.
(pdftex.def)             Requested size: 562.14925pt x 795.00179pt.
File: fotitos.pdf Graphic file (type pdf)
<use fotitos.pdf, page 4>
Package pdftex.def Info: fotitos.pdf , page4 used on input line 91.
(pdftex.def)             Requested size: 562.14925pt x 795.00179pt.
File: fotitos.pdf Graphic file (type pdf)
<use fotitos.pdf, page 4>
Package pdftex.def Info: fotitos.pdf , page4 used on input line 91.
(pdftex.def)             Requested size: 562.14925pt x 795.00179pt.
[52 <./fotitos.pdf>]
<fotos/tabla azul.png, id=614, 182.93344pt x 615.80063pt>
File: fotos/tabla azul.png Graphic file (type png)
<use fotos/tabla azul.png>
Package pdftex.def Info: fotos/tabla azul.png  used on input line 112.
(pdftex.def)             Requested size: 60.91531pt x 205.05652pt.
<fotos/abs azul.png, id=615, 446.41782pt x 428.35031pt>
File: fotos/abs azul.png Graphic file (type png)
<use fotos/abs azul.png>
Package pdftex.def Info: fotos/abs azul.png  used on input line 112.
(pdftex.def)             Requested size: 193.29784pt x 185.47464pt.

Underfull \hbox (badness 10000) in paragraph at lines 121--122

 []


Underfull \hbox (badness 10000) in paragraph at lines 123--124

 []

LaTeX Info: Redefining \. on input line 126.
LaTeX Info: Redefining \% on input line 126.
LaTeX Info: Redefining \. on input line 126.
LaTeX Info: Redefining \% on input line 126.
[53


pdfTeX warning (ext4): destination with the same identifier (name{figure.8.3}) has been already used, duplicate ignored
<argument> ...shipout:D \box_use:N \l_shipout_box 
                                                  \__shipout_drop_firstpage_...
l.126 \clearpage
                 <./fotos/tabla azul.png (PNG copy)> <./fotos/abs azul.png (PNG copy)>]
Underfull \hbox (badness 10000) in paragraph at lines 128--130

 []


Underfull \hbox (badness 10000) in paragraph at lines 132--133

 []

<fotos/tabla rojo.png, id=621, 185.94469pt x 534.49687pt>
File: fotos/tabla rojo.png Graphic file (type png)
<use fotos/tabla rojo.png>
Package pdftex.def Info: fotos/tabla rojo.png  used on input line 138.
(pdftex.def)             Requested size: 61.91803pt x 177.98303pt.
<fotos/abs rojo.png, id=622, 445.665pt x 432.86719pt>
File: fotos/abs rojo.png Graphic file (type png)
<use fotos/abs rojo.png>
Package pdftex.def Info: fotos/abs rojo.png  used on input line 139.
(pdftex.def)             Requested size: 192.97186pt x 187.43044pt.

Underfull \hbox (badness 10000) in paragraph at lines 146--147

 []


Underfull \hbox (badness 10000) in paragraph at lines 149--150

 []

LaTeX Info: Redefining \. on input line 154.
LaTeX Info: Redefining \% on input line 154.
LaTeX Info: Redefining \. on input line 154.
LaTeX Info: Redefining \% on input line 154.
[54


pdfTeX warning (ext4): destination with the same identifier (name{figure.8.4}) has been already used, duplicate ignored
<argument> ...shipout:D \box_use:N \l_shipout_box 
                                                  \__shipout_drop_firstpage_...
l.154 \clearpage
                 <./fotos/tabla rojo.png (PNG copy)> <./fotos/abs rojo.png (PNG copy)>]
Underfull \hbox (badness 10000) in paragraph at lines 156--157

 []


Underfull \hbox (badness 10000) in paragraph at lines 159--160

 []

)
LaTeX Info: Redefining \. on input line 258.
LaTeX Info: Redefining \% on input line 258.
LaTeX Info: Redefining \. on input line 258.
LaTeX Info: Redefining \% on input line 258.
 [55

] (./main.aux
LaTeX Info: Redefining \. on input line 22.
LaTeX Info: Redefining \% on input line 22.
 (./pr1.aux) (./pr2.aux) (./pr3.aux) (./pr4.aux) (./pr5.aux) (./pr6.aux) (./pr7.aux) (./pr8.aux))
Package rerunfilecheck Info: File `main.out' has not changed.
(rerunfilecheck)             Checksum: ADC659807C1ECAD21061BDB6A628B8D0;5963.
 ) 
Here is how much of TeX's memory you used:
 34987 strings out of 477923
 669399 string characters out of 5838288
 1882388 words of memory out of 5000000
 54303 multiletter control sequences out of 15000+600000
 601061 words of font info for 208 fonts, out of 8000000 for 9000
 40 hyphenation exceptions out of 8191
 84i,19n,80p,943b,1293s stack positions out of 10000i,1000n,20000p,200000b,200000s
</usr/share/texmf-dist/fonts/type1/public/newtx/NewTXMI.pfb></usr/share/texmf-dist/fonts/type1/public/amsfonts/latxfont/lasy10.pfb></usr/share/texmf-dist/fonts/type1/public/newtx/txexs.pfb></usr/share/texmf-dist/fonts/type1/public/newtx/txmiaX.pfb></usr/share/texmf-dist/fonts/type1/public/txfonts/txsya.pfb></usr/share/texmf-dist/fonts/type1/public/newtx/txsys.pfb></usr/share/texmf-dist/fonts/type1/urw/courier/ucrr8a.pfb></usr/share/texmf-dist/fonts/type1/urw/palatino/uplbi8a.pfb></usr/share/texmf-dist/fonts/type1/public/newtx/ztmb.pfb></usr/share/texmf-dist/fonts/type1/public/newtx/ztmbi.pfb></usr/share/texmf-dist/fonts/type1/public/newtx/ztmr.pfb></usr/share/texmf-dist/fonts/type1/public/newtx/ztmri.pfb>
Output written on main.pdf (55 pages, 9760072 bytes).
PDF statistics:
 725 PDF objects out of 1000 (max. 8388607)
 570 compressed objects within 6 object streams
 165 named destinations out of 1000 (max. 500000)
 598 words of extra memory for PDF output out of 10000 (max. 10000000)

